[2025-10-07T03:05:28.330+0000] {taskinstance.py:1083} INFO - Dependencies all met for <TaskInstance: Airflow_Lab1.load_model_task manual__2025-10-07T03:02:47.992841+00:00 [queued]>
[2025-10-07T03:05:28.336+0000] {taskinstance.py:1083} INFO - Dependencies all met for <TaskInstance: Airflow_Lab1.load_model_task manual__2025-10-07T03:02:47.992841+00:00 [queued]>
[2025-10-07T03:05:28.337+0000] {taskinstance.py:1279} INFO - 
--------------------------------------------------------------------------------
[2025-10-07T03:05:28.339+0000] {taskinstance.py:1280} INFO - Starting attempt 1 of 1
[2025-10-07T03:05:28.339+0000] {taskinstance.py:1281} INFO - 
--------------------------------------------------------------------------------
[2025-10-07T03:05:28.352+0000] {taskinstance.py:1300} INFO - Executing <Task(PythonOperator): load_model_task> on 2025-10-07 03:02:47.992841+00:00
[2025-10-07T03:05:28.356+0000] {standard_task_runner.py:55} INFO - Started process 188 to run task
[2025-10-07T03:05:28.358+0000] {standard_task_runner.py:82} INFO - Running: ['airflow', 'tasks', 'run', 'Airflow_Lab1', 'load_model_task', 'manual__2025-10-07T03:02:47.992841+00:00', '--job-id', '5', '--raw', '--subdir', 'DAGS_FOLDER/airflow.py', '--cfg-path', '/tmp/tmpj_l7pxgq']
[2025-10-07T03:05:28.360+0000] {standard_task_runner.py:83} INFO - Job 5: Subtask load_model_task
[2025-10-07T03:05:28.414+0000] {task_command.py:388} INFO - Running <TaskInstance: Airflow_Lab1.load_model_task manual__2025-10-07T03:02:47.992841+00:00 [running]> on host 7aa77450d093
[2025-10-07T03:05:28.465+0000] {taskinstance.py:1509} INFO - Exporting the following env vars:
AIRFLOW_CTX_DAG_OWNER=your_name
AIRFLOW_CTX_DAG_ID=Airflow_Lab1
AIRFLOW_CTX_TASK_ID=load_model_task
AIRFLOW_CTX_EXECUTION_DATE=2025-10-07T03:02:47.992841+00:00
AIRFLOW_CTX_TRY_NUMBER=1
AIRFLOW_CTX_DAG_RUN_ID=manual__2025-10-07T03:02:47.992841+00:00
[2025-10-07T03:05:28.570+0000] {logging_mixin.py:137} INFO - Optimal no. of clusters (elbow): 8
[2025-10-07T03:05:28.698+0000] {python.py:177} INFO - Done. Returned value was: 2
[2025-10-07T03:05:28.731+0000] {taskinstance.py:1323} INFO - Marking task as SUCCESS. dag_id=Airflow_Lab1, task_id=load_model_task, execution_date=20251007T030247, start_date=20251007T030528, end_date=20251007T030528
[2025-10-07T03:05:28.774+0000] {local_task_job.py:208} INFO - Task exited with return code 0
[2025-10-07T03:05:28.786+0000] {taskinstance.py:2578} INFO - 0 downstream tasks scheduled from follow-on schedule check
