[2025-10-07T02:56:03.524+0000] {processor.py:153} INFO - Started process (PID=43) to work on /opt/airflow/dags/airflow.py
[2025-10-07T02:56:03.526+0000] {processor.py:743} INFO - Processing file /opt/airflow/dags/airflow.py for tasks to queue
[2025-10-07T02:56:03.528+0000] {logging_mixin.py:137} INFO - [2025-10-07T02:56:03.528+0000] {dagbag.py:538} INFO - Filling up the DagBag from /opt/airflow/dags/airflow.py
[2025-10-07T02:56:04.966+0000] {logging_mixin.py:137} INFO - [2025-10-07T02:56:04.966+0000] {taskmixin.py:205} WARNING - Dependency <Task(PythonOperator): load_data_task>, data_preprocessing_task already registered for DAG: Airflow_Lab1
[2025-10-07T02:56:04.968+0000] {logging_mixin.py:137} INFO - [2025-10-07T02:56:04.968+0000] {taskmixin.py:205} WARNING - Dependency <Task(PythonOperator): data_preprocessing_task>, load_data_task already registered for DAG: Airflow_Lab1
[2025-10-07T02:56:04.969+0000] {logging_mixin.py:137} INFO - [2025-10-07T02:56:04.969+0000] {taskmixin.py:205} WARNING - Dependency <Task(PythonOperator): data_preprocessing_task>, build_save_model_task already registered for DAG: Airflow_Lab1
[2025-10-07T02:56:04.970+0000] {logging_mixin.py:137} INFO - [2025-10-07T02:56:04.970+0000] {taskmixin.py:205} WARNING - Dependency <Task(PythonOperator): build_save_model_task>, data_preprocessing_task already registered for DAG: Airflow_Lab1
[2025-10-07T02:56:04.972+0000] {logging_mixin.py:137} INFO - [2025-10-07T02:56:04.971+0000] {taskmixin.py:205} WARNING - Dependency <Task(PythonOperator): build_save_model_task>, load_model_task already registered for DAG: Airflow_Lab1
[2025-10-07T02:56:04.973+0000] {logging_mixin.py:137} INFO - [2025-10-07T02:56:04.973+0000] {taskmixin.py:205} WARNING - Dependency <Task(PythonOperator): load_model_task>, build_save_model_task already registered for DAG: Airflow_Lab1
[2025-10-07T02:56:04.997+0000] {processor.py:753} INFO - DAG(s) dict_keys(['Airflow_Lab1']) retrieved from /opt/airflow/dags/airflow.py
[2025-10-07T02:56:05.004+0000] {logging_mixin.py:137} INFO - [2025-10-07T02:56:05.003+0000] {dag.py:2690} INFO - Sync 1 DAGs
[2025-10-07T02:56:05.024+0000] {logging_mixin.py:137} INFO - [2025-10-07T02:56:05.024+0000] {dag.py:3441} INFO - Setting next_dagrun for Airflow_Lab1 to None, run_after=None
[2025-10-07T02:56:05.067+0000] {processor.py:175} INFO - Processing /opt/airflow/dags/airflow.py took 1.546 seconds
[2025-10-07T02:56:35.711+0000] {processor.py:153} INFO - Started process (PID=47) to work on /opt/airflow/dags/airflow.py
[2025-10-07T02:56:35.713+0000] {processor.py:743} INFO - Processing file /opt/airflow/dags/airflow.py for tasks to queue
[2025-10-07T02:56:35.715+0000] {logging_mixin.py:137} INFO - [2025-10-07T02:56:35.715+0000] {dagbag.py:538} INFO - Filling up the DagBag from /opt/airflow/dags/airflow.py
[2025-10-07T02:56:36.423+0000] {logging_mixin.py:137} INFO - [2025-10-07T02:56:36.423+0000] {taskmixin.py:205} WARNING - Dependency <Task(PythonOperator): load_data_task>, data_preprocessing_task already registered for DAG: Airflow_Lab1
[2025-10-07T02:56:36.424+0000] {logging_mixin.py:137} INFO - [2025-10-07T02:56:36.424+0000] {taskmixin.py:205} WARNING - Dependency <Task(PythonOperator): data_preprocessing_task>, load_data_task already registered for DAG: Airflow_Lab1
[2025-10-07T02:56:36.425+0000] {logging_mixin.py:137} INFO - [2025-10-07T02:56:36.425+0000] {taskmixin.py:205} WARNING - Dependency <Task(PythonOperator): data_preprocessing_task>, build_save_model_task already registered for DAG: Airflow_Lab1
[2025-10-07T02:56:36.426+0000] {logging_mixin.py:137} INFO - [2025-10-07T02:56:36.426+0000] {taskmixin.py:205} WARNING - Dependency <Task(PythonOperator): build_save_model_task>, data_preprocessing_task already registered for DAG: Airflow_Lab1
[2025-10-07T02:56:36.427+0000] {logging_mixin.py:137} INFO - [2025-10-07T02:56:36.427+0000] {taskmixin.py:205} WARNING - Dependency <Task(PythonOperator): build_save_model_task>, load_model_task already registered for DAG: Airflow_Lab1
[2025-10-07T02:56:36.429+0000] {logging_mixin.py:137} INFO - [2025-10-07T02:56:36.429+0000] {taskmixin.py:205} WARNING - Dependency <Task(PythonOperator): load_model_task>, build_save_model_task already registered for DAG: Airflow_Lab1
[2025-10-07T02:56:36.434+0000] {processor.py:753} INFO - DAG(s) dict_keys(['Airflow_Lab1']) retrieved from /opt/airflow/dags/airflow.py
[2025-10-07T02:56:36.449+0000] {logging_mixin.py:137} INFO - [2025-10-07T02:56:36.448+0000] {dag.py:2690} INFO - Sync 1 DAGs
[2025-10-07T02:56:36.463+0000] {logging_mixin.py:137} INFO - [2025-10-07T02:56:36.463+0000] {dag.py:3441} INFO - Setting next_dagrun for Airflow_Lab1 to None, run_after=None
[2025-10-07T02:56:36.498+0000] {processor.py:175} INFO - Processing /opt/airflow/dags/airflow.py took 0.791 seconds
[2025-10-07T02:57:07.114+0000] {processor.py:153} INFO - Started process (PID=51) to work on /opt/airflow/dags/airflow.py
[2025-10-07T02:57:07.116+0000] {processor.py:743} INFO - Processing file /opt/airflow/dags/airflow.py for tasks to queue
[2025-10-07T02:57:07.118+0000] {logging_mixin.py:137} INFO - [2025-10-07T02:57:07.118+0000] {dagbag.py:538} INFO - Filling up the DagBag from /opt/airflow/dags/airflow.py
[2025-10-07T02:57:07.795+0000] {logging_mixin.py:137} INFO - [2025-10-07T02:57:07.795+0000] {taskmixin.py:205} WARNING - Dependency <Task(PythonOperator): load_data_task>, data_preprocessing_task already registered for DAG: Airflow_Lab1
[2025-10-07T02:57:07.796+0000] {logging_mixin.py:137} INFO - [2025-10-07T02:57:07.796+0000] {taskmixin.py:205} WARNING - Dependency <Task(PythonOperator): data_preprocessing_task>, load_data_task already registered for DAG: Airflow_Lab1
[2025-10-07T02:57:07.798+0000] {logging_mixin.py:137} INFO - [2025-10-07T02:57:07.797+0000] {taskmixin.py:205} WARNING - Dependency <Task(PythonOperator): data_preprocessing_task>, build_save_model_task already registered for DAG: Airflow_Lab1
[2025-10-07T02:57:07.799+0000] {logging_mixin.py:137} INFO - [2025-10-07T02:57:07.799+0000] {taskmixin.py:205} WARNING - Dependency <Task(PythonOperator): build_save_model_task>, data_preprocessing_task already registered for DAG: Airflow_Lab1
[2025-10-07T02:57:07.800+0000] {logging_mixin.py:137} INFO - [2025-10-07T02:57:07.800+0000] {taskmixin.py:205} WARNING - Dependency <Task(PythonOperator): build_save_model_task>, load_model_task already registered for DAG: Airflow_Lab1
[2025-10-07T02:57:07.802+0000] {logging_mixin.py:137} INFO - [2025-10-07T02:57:07.802+0000] {taskmixin.py:205} WARNING - Dependency <Task(PythonOperator): load_model_task>, build_save_model_task already registered for DAG: Airflow_Lab1
[2025-10-07T02:57:07.807+0000] {processor.py:753} INFO - DAG(s) dict_keys(['Airflow_Lab1']) retrieved from /opt/airflow/dags/airflow.py
[2025-10-07T02:57:07.820+0000] {logging_mixin.py:137} INFO - [2025-10-07T02:57:07.820+0000] {dag.py:2690} INFO - Sync 1 DAGs
[2025-10-07T02:57:07.837+0000] {logging_mixin.py:137} INFO - [2025-10-07T02:57:07.837+0000] {dag.py:3441} INFO - Setting next_dagrun for Airflow_Lab1 to None, run_after=None
[2025-10-07T02:57:07.871+0000] {processor.py:175} INFO - Processing /opt/airflow/dags/airflow.py took 0.759 seconds
[2025-10-07T02:57:38.079+0000] {processor.py:153} INFO - Started process (PID=55) to work on /opt/airflow/dags/airflow.py
[2025-10-07T02:57:38.081+0000] {processor.py:743} INFO - Processing file /opt/airflow/dags/airflow.py for tasks to queue
[2025-10-07T02:57:38.082+0000] {logging_mixin.py:137} INFO - [2025-10-07T02:57:38.082+0000] {dagbag.py:538} INFO - Filling up the DagBag from /opt/airflow/dags/airflow.py
[2025-10-07T02:57:38.793+0000] {logging_mixin.py:137} INFO - [2025-10-07T02:57:38.793+0000] {taskmixin.py:205} WARNING - Dependency <Task(PythonOperator): load_data_task>, data_preprocessing_task already registered for DAG: Airflow_Lab1
[2025-10-07T02:57:38.795+0000] {logging_mixin.py:137} INFO - [2025-10-07T02:57:38.795+0000] {taskmixin.py:205} WARNING - Dependency <Task(PythonOperator): data_preprocessing_task>, load_data_task already registered for DAG: Airflow_Lab1
[2025-10-07T02:57:38.796+0000] {logging_mixin.py:137} INFO - [2025-10-07T02:57:38.796+0000] {taskmixin.py:205} WARNING - Dependency <Task(PythonOperator): data_preprocessing_task>, build_save_model_task already registered for DAG: Airflow_Lab1
[2025-10-07T02:57:38.797+0000] {logging_mixin.py:137} INFO - [2025-10-07T02:57:38.797+0000] {taskmixin.py:205} WARNING - Dependency <Task(PythonOperator): build_save_model_task>, data_preprocessing_task already registered for DAG: Airflow_Lab1
[2025-10-07T02:57:38.798+0000] {logging_mixin.py:137} INFO - [2025-10-07T02:57:38.798+0000] {taskmixin.py:205} WARNING - Dependency <Task(PythonOperator): build_save_model_task>, load_model_task already registered for DAG: Airflow_Lab1
[2025-10-07T02:57:38.799+0000] {logging_mixin.py:137} INFO - [2025-10-07T02:57:38.799+0000] {taskmixin.py:205} WARNING - Dependency <Task(PythonOperator): load_model_task>, build_save_model_task already registered for DAG: Airflow_Lab1
[2025-10-07T02:57:38.803+0000] {processor.py:753} INFO - DAG(s) dict_keys(['Airflow_Lab1']) retrieved from /opt/airflow/dags/airflow.py
[2025-10-07T02:57:38.815+0000] {logging_mixin.py:137} INFO - [2025-10-07T02:57:38.815+0000] {dag.py:2690} INFO - Sync 1 DAGs
[2025-10-07T02:57:38.830+0000] {logging_mixin.py:137} INFO - [2025-10-07T02:57:38.830+0000] {dag.py:3441} INFO - Setting next_dagrun for Airflow_Lab1 to None, run_after=None
[2025-10-07T02:57:38.862+0000] {processor.py:175} INFO - Processing /opt/airflow/dags/airflow.py took 0.786 seconds
[2025-10-07T02:58:09.096+0000] {processor.py:153} INFO - Started process (PID=59) to work on /opt/airflow/dags/airflow.py
[2025-10-07T02:58:09.098+0000] {processor.py:743} INFO - Processing file /opt/airflow/dags/airflow.py for tasks to queue
[2025-10-07T02:58:09.099+0000] {logging_mixin.py:137} INFO - [2025-10-07T02:58:09.099+0000] {dagbag.py:538} INFO - Filling up the DagBag from /opt/airflow/dags/airflow.py
[2025-10-07T02:58:09.854+0000] {logging_mixin.py:137} INFO - [2025-10-07T02:58:09.854+0000] {taskmixin.py:205} WARNING - Dependency <Task(PythonOperator): load_data_task>, data_preprocessing_task already registered for DAG: Airflow_Lab1
[2025-10-07T02:58:09.855+0000] {logging_mixin.py:137} INFO - [2025-10-07T02:58:09.855+0000] {taskmixin.py:205} WARNING - Dependency <Task(PythonOperator): data_preprocessing_task>, load_data_task already registered for DAG: Airflow_Lab1
[2025-10-07T02:58:09.856+0000] {logging_mixin.py:137} INFO - [2025-10-07T02:58:09.856+0000] {taskmixin.py:205} WARNING - Dependency <Task(PythonOperator): data_preprocessing_task>, build_save_model_task already registered for DAG: Airflow_Lab1
[2025-10-07T02:58:09.857+0000] {logging_mixin.py:137} INFO - [2025-10-07T02:58:09.857+0000] {taskmixin.py:205} WARNING - Dependency <Task(PythonOperator): build_save_model_task>, data_preprocessing_task already registered for DAG: Airflow_Lab1
[2025-10-07T02:58:09.858+0000] {logging_mixin.py:137} INFO - [2025-10-07T02:58:09.858+0000] {taskmixin.py:205} WARNING - Dependency <Task(PythonOperator): build_save_model_task>, load_model_task already registered for DAG: Airflow_Lab1
[2025-10-07T02:58:09.859+0000] {logging_mixin.py:137} INFO - [2025-10-07T02:58:09.859+0000] {taskmixin.py:205} WARNING - Dependency <Task(PythonOperator): load_model_task>, build_save_model_task already registered for DAG: Airflow_Lab1
[2025-10-07T02:58:09.864+0000] {processor.py:753} INFO - DAG(s) dict_keys(['Airflow_Lab1']) retrieved from /opt/airflow/dags/airflow.py
[2025-10-07T02:58:09.887+0000] {logging_mixin.py:137} INFO - [2025-10-07T02:58:09.887+0000] {dag.py:2690} INFO - Sync 1 DAGs
[2025-10-07T02:58:09.913+0000] {logging_mixin.py:137} INFO - [2025-10-07T02:58:09.913+0000] {dag.py:3441} INFO - Setting next_dagrun for Airflow_Lab1 to None, run_after=None
[2025-10-07T02:58:09.949+0000] {processor.py:175} INFO - Processing /opt/airflow/dags/airflow.py took 0.856 seconds
[2025-10-07T02:58:40.003+0000] {processor.py:153} INFO - Started process (PID=63) to work on /opt/airflow/dags/airflow.py
[2025-10-07T02:58:40.004+0000] {processor.py:743} INFO - Processing file /opt/airflow/dags/airflow.py for tasks to queue
[2025-10-07T02:58:40.005+0000] {logging_mixin.py:137} INFO - [2025-10-07T02:58:40.005+0000] {dagbag.py:538} INFO - Filling up the DagBag from /opt/airflow/dags/airflow.py
[2025-10-07T02:58:40.561+0000] {logging_mixin.py:137} INFO - [2025-10-07T02:58:40.561+0000] {taskmixin.py:205} WARNING - Dependency <Task(PythonOperator): load_data_task>, data_preprocessing_task already registered for DAG: Airflow_Lab1
[2025-10-07T02:58:40.563+0000] {logging_mixin.py:137} INFO - [2025-10-07T02:58:40.563+0000] {taskmixin.py:205} WARNING - Dependency <Task(PythonOperator): data_preprocessing_task>, load_data_task already registered for DAG: Airflow_Lab1
[2025-10-07T02:58:40.564+0000] {logging_mixin.py:137} INFO - [2025-10-07T02:58:40.564+0000] {taskmixin.py:205} WARNING - Dependency <Task(PythonOperator): data_preprocessing_task>, build_save_model_task already registered for DAG: Airflow_Lab1
[2025-10-07T02:58:40.565+0000] {logging_mixin.py:137} INFO - [2025-10-07T02:58:40.565+0000] {taskmixin.py:205} WARNING - Dependency <Task(PythonOperator): build_save_model_task>, data_preprocessing_task already registered for DAG: Airflow_Lab1
[2025-10-07T02:58:40.567+0000] {logging_mixin.py:137} INFO - [2025-10-07T02:58:40.567+0000] {taskmixin.py:205} WARNING - Dependency <Task(PythonOperator): build_save_model_task>, load_model_task already registered for DAG: Airflow_Lab1
[2025-10-07T02:58:40.569+0000] {logging_mixin.py:137} INFO - [2025-10-07T02:58:40.568+0000] {taskmixin.py:205} WARNING - Dependency <Task(PythonOperator): load_model_task>, build_save_model_task already registered for DAG: Airflow_Lab1
[2025-10-07T02:58:40.573+0000] {processor.py:753} INFO - DAG(s) dict_keys(['Airflow_Lab1']) retrieved from /opt/airflow/dags/airflow.py
[2025-10-07T02:58:40.587+0000] {logging_mixin.py:137} INFO - [2025-10-07T02:58:40.587+0000] {dag.py:2690} INFO - Sync 1 DAGs
[2025-10-07T02:58:40.602+0000] {logging_mixin.py:137} INFO - [2025-10-07T02:58:40.602+0000] {dag.py:3441} INFO - Setting next_dagrun for Airflow_Lab1 to None, run_after=None
[2025-10-07T02:58:40.636+0000] {processor.py:175} INFO - Processing /opt/airflow/dags/airflow.py took 0.636 seconds
[2025-10-07T02:59:10.896+0000] {processor.py:153} INFO - Started process (PID=67) to work on /opt/airflow/dags/airflow.py
[2025-10-07T02:59:10.898+0000] {processor.py:743} INFO - Processing file /opt/airflow/dags/airflow.py for tasks to queue
[2025-10-07T02:59:10.900+0000] {logging_mixin.py:137} INFO - [2025-10-07T02:59:10.900+0000] {dagbag.py:538} INFO - Filling up the DagBag from /opt/airflow/dags/airflow.py
[2025-10-07T02:59:11.626+0000] {logging_mixin.py:137} INFO - [2025-10-07T02:59:11.626+0000] {taskmixin.py:205} WARNING - Dependency <Task(PythonOperator): load_data_task>, data_preprocessing_task already registered for DAG: Airflow_Lab1
[2025-10-07T02:59:11.628+0000] {logging_mixin.py:137} INFO - [2025-10-07T02:59:11.628+0000] {taskmixin.py:205} WARNING - Dependency <Task(PythonOperator): data_preprocessing_task>, load_data_task already registered for DAG: Airflow_Lab1
[2025-10-07T02:59:11.628+0000] {logging_mixin.py:137} INFO - [2025-10-07T02:59:11.628+0000] {taskmixin.py:205} WARNING - Dependency <Task(PythonOperator): data_preprocessing_task>, build_save_model_task already registered for DAG: Airflow_Lab1
[2025-10-07T02:59:11.630+0000] {logging_mixin.py:137} INFO - [2025-10-07T02:59:11.630+0000] {taskmixin.py:205} WARNING - Dependency <Task(PythonOperator): build_save_model_task>, data_preprocessing_task already registered for DAG: Airflow_Lab1
[2025-10-07T02:59:11.631+0000] {logging_mixin.py:137} INFO - [2025-10-07T02:59:11.631+0000] {taskmixin.py:205} WARNING - Dependency <Task(PythonOperator): build_save_model_task>, load_model_task already registered for DAG: Airflow_Lab1
[2025-10-07T02:59:11.632+0000] {logging_mixin.py:137} INFO - [2025-10-07T02:59:11.632+0000] {taskmixin.py:205} WARNING - Dependency <Task(PythonOperator): load_model_task>, build_save_model_task already registered for DAG: Airflow_Lab1
[2025-10-07T02:59:11.637+0000] {processor.py:753} INFO - DAG(s) dict_keys(['Airflow_Lab1']) retrieved from /opt/airflow/dags/airflow.py
[2025-10-07T02:59:11.649+0000] {logging_mixin.py:137} INFO - [2025-10-07T02:59:11.649+0000] {dag.py:2690} INFO - Sync 1 DAGs
[2025-10-07T02:59:11.665+0000] {logging_mixin.py:137} INFO - [2025-10-07T02:59:11.665+0000] {dag.py:3441} INFO - Setting next_dagrun for Airflow_Lab1 to None, run_after=None
[2025-10-07T02:59:11.692+0000] {processor.py:175} INFO - Processing /opt/airflow/dags/airflow.py took 0.798 seconds
[2025-10-07T02:59:41.953+0000] {processor.py:153} INFO - Started process (PID=71) to work on /opt/airflow/dags/airflow.py
[2025-10-07T02:59:41.955+0000] {processor.py:743} INFO - Processing file /opt/airflow/dags/airflow.py for tasks to queue
[2025-10-07T02:59:41.957+0000] {logging_mixin.py:137} INFO - [2025-10-07T02:59:41.956+0000] {dagbag.py:538} INFO - Filling up the DagBag from /opt/airflow/dags/airflow.py
[2025-10-07T02:59:42.637+0000] {logging_mixin.py:137} INFO - [2025-10-07T02:59:42.637+0000] {taskmixin.py:205} WARNING - Dependency <Task(PythonOperator): load_data_task>, data_preprocessing_task already registered for DAG: Airflow_Lab1
[2025-10-07T02:59:42.638+0000] {logging_mixin.py:137} INFO - [2025-10-07T02:59:42.638+0000] {taskmixin.py:205} WARNING - Dependency <Task(PythonOperator): data_preprocessing_task>, load_data_task already registered for DAG: Airflow_Lab1
[2025-10-07T02:59:42.640+0000] {logging_mixin.py:137} INFO - [2025-10-07T02:59:42.640+0000] {taskmixin.py:205} WARNING - Dependency <Task(PythonOperator): data_preprocessing_task>, build_save_model_task already registered for DAG: Airflow_Lab1
[2025-10-07T02:59:42.641+0000] {logging_mixin.py:137} INFO - [2025-10-07T02:59:42.641+0000] {taskmixin.py:205} WARNING - Dependency <Task(PythonOperator): build_save_model_task>, data_preprocessing_task already registered for DAG: Airflow_Lab1
[2025-10-07T02:59:42.642+0000] {logging_mixin.py:137} INFO - [2025-10-07T02:59:42.642+0000] {taskmixin.py:205} WARNING - Dependency <Task(PythonOperator): build_save_model_task>, load_model_task already registered for DAG: Airflow_Lab1
[2025-10-07T02:59:42.644+0000] {logging_mixin.py:137} INFO - [2025-10-07T02:59:42.644+0000] {taskmixin.py:205} WARNING - Dependency <Task(PythonOperator): load_model_task>, build_save_model_task already registered for DAG: Airflow_Lab1
[2025-10-07T02:59:42.649+0000] {processor.py:753} INFO - DAG(s) dict_keys(['Airflow_Lab1']) retrieved from /opt/airflow/dags/airflow.py
[2025-10-07T02:59:42.661+0000] {logging_mixin.py:137} INFO - [2025-10-07T02:59:42.661+0000] {dag.py:2690} INFO - Sync 1 DAGs
[2025-10-07T02:59:42.677+0000] {logging_mixin.py:137} INFO - [2025-10-07T02:59:42.677+0000] {dag.py:3441} INFO - Setting next_dagrun for Airflow_Lab1 to None, run_after=None
[2025-10-07T02:59:42.710+0000] {processor.py:175} INFO - Processing /opt/airflow/dags/airflow.py took 0.759 seconds
[2025-10-07T03:00:12.805+0000] {processor.py:153} INFO - Started process (PID=75) to work on /opt/airflow/dags/airflow.py
[2025-10-07T03:00:12.806+0000] {processor.py:743} INFO - Processing file /opt/airflow/dags/airflow.py for tasks to queue
[2025-10-07T03:00:12.808+0000] {logging_mixin.py:137} INFO - [2025-10-07T03:00:12.808+0000] {dagbag.py:538} INFO - Filling up the DagBag from /opt/airflow/dags/airflow.py
[2025-10-07T03:00:13.508+0000] {logging_mixin.py:137} INFO - [2025-10-07T03:00:13.508+0000] {taskmixin.py:205} WARNING - Dependency <Task(PythonOperator): load_data_task>, data_preprocessing_task already registered for DAG: Airflow_Lab1
[2025-10-07T03:00:13.510+0000] {logging_mixin.py:137} INFO - [2025-10-07T03:00:13.510+0000] {taskmixin.py:205} WARNING - Dependency <Task(PythonOperator): data_preprocessing_task>, load_data_task already registered for DAG: Airflow_Lab1
[2025-10-07T03:00:13.511+0000] {logging_mixin.py:137} INFO - [2025-10-07T03:00:13.511+0000] {taskmixin.py:205} WARNING - Dependency <Task(PythonOperator): data_preprocessing_task>, build_save_model_task already registered for DAG: Airflow_Lab1
[2025-10-07T03:00:13.512+0000] {logging_mixin.py:137} INFO - [2025-10-07T03:00:13.512+0000] {taskmixin.py:205} WARNING - Dependency <Task(PythonOperator): build_save_model_task>, data_preprocessing_task already registered for DAG: Airflow_Lab1
[2025-10-07T03:00:13.513+0000] {logging_mixin.py:137} INFO - [2025-10-07T03:00:13.513+0000] {taskmixin.py:205} WARNING - Dependency <Task(PythonOperator): build_save_model_task>, load_model_task already registered for DAG: Airflow_Lab1
[2025-10-07T03:00:13.514+0000] {logging_mixin.py:137} INFO - [2025-10-07T03:00:13.514+0000] {taskmixin.py:205} WARNING - Dependency <Task(PythonOperator): load_model_task>, build_save_model_task already registered for DAG: Airflow_Lab1
[2025-10-07T03:00:13.519+0000] {processor.py:753} INFO - DAG(s) dict_keys(['Airflow_Lab1']) retrieved from /opt/airflow/dags/airflow.py
[2025-10-07T03:00:13.532+0000] {logging_mixin.py:137} INFO - [2025-10-07T03:00:13.532+0000] {dag.py:2690} INFO - Sync 1 DAGs
[2025-10-07T03:00:13.551+0000] {logging_mixin.py:137} INFO - [2025-10-07T03:00:13.551+0000] {dag.py:3441} INFO - Setting next_dagrun for Airflow_Lab1 to None, run_after=None
[2025-10-07T03:00:13.585+0000] {processor.py:175} INFO - Processing /opt/airflow/dags/airflow.py took 0.784 seconds
[2025-10-07T03:00:44.682+0000] {processor.py:153} INFO - Started process (PID=79) to work on /opt/airflow/dags/airflow.py
[2025-10-07T03:00:44.684+0000] {processor.py:743} INFO - Processing file /opt/airflow/dags/airflow.py for tasks to queue
[2025-10-07T03:00:44.685+0000] {logging_mixin.py:137} INFO - [2025-10-07T03:00:44.685+0000] {dagbag.py:538} INFO - Filling up the DagBag from /opt/airflow/dags/airflow.py
[2025-10-07T03:00:45.292+0000] {logging_mixin.py:137} INFO - [2025-10-07T03:00:45.292+0000] {taskmixin.py:205} WARNING - Dependency <Task(PythonOperator): load_data_task>, data_preprocessing_task already registered for DAG: Airflow_Lab1
[2025-10-07T03:00:45.293+0000] {logging_mixin.py:137} INFO - [2025-10-07T03:00:45.293+0000] {taskmixin.py:205} WARNING - Dependency <Task(PythonOperator): data_preprocessing_task>, load_data_task already registered for DAG: Airflow_Lab1
[2025-10-07T03:00:45.294+0000] {logging_mixin.py:137} INFO - [2025-10-07T03:00:45.294+0000] {taskmixin.py:205} WARNING - Dependency <Task(PythonOperator): data_preprocessing_task>, build_save_model_task already registered for DAG: Airflow_Lab1
[2025-10-07T03:00:45.295+0000] {logging_mixin.py:137} INFO - [2025-10-07T03:00:45.295+0000] {taskmixin.py:205} WARNING - Dependency <Task(PythonOperator): build_save_model_task>, data_preprocessing_task already registered for DAG: Airflow_Lab1
[2025-10-07T03:00:45.296+0000] {logging_mixin.py:137} INFO - [2025-10-07T03:00:45.296+0000] {taskmixin.py:205} WARNING - Dependency <Task(PythonOperator): build_save_model_task>, load_model_task already registered for DAG: Airflow_Lab1
[2025-10-07T03:00:45.297+0000] {logging_mixin.py:137} INFO - [2025-10-07T03:00:45.297+0000] {taskmixin.py:205} WARNING - Dependency <Task(PythonOperator): load_model_task>, build_save_model_task already registered for DAG: Airflow_Lab1
[2025-10-07T03:00:45.302+0000] {processor.py:753} INFO - DAG(s) dict_keys(['Airflow_Lab1']) retrieved from /opt/airflow/dags/airflow.py
[2025-10-07T03:00:45.313+0000] {logging_mixin.py:137} INFO - [2025-10-07T03:00:45.313+0000] {dag.py:2690} INFO - Sync 1 DAGs
[2025-10-07T03:00:45.327+0000] {logging_mixin.py:137} INFO - [2025-10-07T03:00:45.327+0000] {dag.py:3441} INFO - Setting next_dagrun for Airflow_Lab1 to None, run_after=None
[2025-10-07T03:00:45.360+0000] {processor.py:175} INFO - Processing /opt/airflow/dags/airflow.py took 0.680 seconds
[2025-10-07T03:01:15.533+0000] {processor.py:153} INFO - Started process (PID=83) to work on /opt/airflow/dags/airflow.py
[2025-10-07T03:01:15.535+0000] {processor.py:743} INFO - Processing file /opt/airflow/dags/airflow.py for tasks to queue
[2025-10-07T03:01:15.537+0000] {logging_mixin.py:137} INFO - [2025-10-07T03:01:15.537+0000] {dagbag.py:538} INFO - Filling up the DagBag from /opt/airflow/dags/airflow.py
[2025-10-07T03:01:16.244+0000] {logging_mixin.py:137} INFO - [2025-10-07T03:01:16.244+0000] {taskmixin.py:205} WARNING - Dependency <Task(PythonOperator): load_data_task>, data_preprocessing_task already registered for DAG: Airflow_Lab1
[2025-10-07T03:01:16.246+0000] {logging_mixin.py:137} INFO - [2025-10-07T03:01:16.245+0000] {taskmixin.py:205} WARNING - Dependency <Task(PythonOperator): data_preprocessing_task>, load_data_task already registered for DAG: Airflow_Lab1
[2025-10-07T03:01:16.247+0000] {logging_mixin.py:137} INFO - [2025-10-07T03:01:16.247+0000] {taskmixin.py:205} WARNING - Dependency <Task(PythonOperator): data_preprocessing_task>, build_save_model_task already registered for DAG: Airflow_Lab1
[2025-10-07T03:01:16.249+0000] {logging_mixin.py:137} INFO - [2025-10-07T03:01:16.248+0000] {taskmixin.py:205} WARNING - Dependency <Task(PythonOperator): build_save_model_task>, data_preprocessing_task already registered for DAG: Airflow_Lab1
[2025-10-07T03:01:16.250+0000] {logging_mixin.py:137} INFO - [2025-10-07T03:01:16.250+0000] {taskmixin.py:205} WARNING - Dependency <Task(PythonOperator): build_save_model_task>, load_model_task already registered for DAG: Airflow_Lab1
[2025-10-07T03:01:16.251+0000] {logging_mixin.py:137} INFO - [2025-10-07T03:01:16.251+0000] {taskmixin.py:205} WARNING - Dependency <Task(PythonOperator): load_model_task>, build_save_model_task already registered for DAG: Airflow_Lab1
[2025-10-07T03:01:16.256+0000] {processor.py:753} INFO - DAG(s) dict_keys(['Airflow_Lab1']) retrieved from /opt/airflow/dags/airflow.py
[2025-10-07T03:01:16.271+0000] {logging_mixin.py:137} INFO - [2025-10-07T03:01:16.271+0000] {dag.py:2690} INFO - Sync 1 DAGs
[2025-10-07T03:01:16.289+0000] {logging_mixin.py:137} INFO - [2025-10-07T03:01:16.289+0000] {dag.py:3441} INFO - Setting next_dagrun for Airflow_Lab1 to None, run_after=None
[2025-10-07T03:01:16.310+0000] {processor.py:175} INFO - Processing /opt/airflow/dags/airflow.py took 0.781 seconds
[2025-10-07T03:01:46.547+0000] {processor.py:153} INFO - Started process (PID=87) to work on /opt/airflow/dags/airflow.py
[2025-10-07T03:01:46.549+0000] {processor.py:743} INFO - Processing file /opt/airflow/dags/airflow.py for tasks to queue
[2025-10-07T03:01:46.550+0000] {logging_mixin.py:137} INFO - [2025-10-07T03:01:46.550+0000] {dagbag.py:538} INFO - Filling up the DagBag from /opt/airflow/dags/airflow.py
[2025-10-07T03:01:47.236+0000] {logging_mixin.py:137} INFO - [2025-10-07T03:01:47.236+0000] {taskmixin.py:205} WARNING - Dependency <Task(PythonOperator): load_data_task>, data_preprocessing_task already registered for DAG: Airflow_Lab1
[2025-10-07T03:01:47.237+0000] {logging_mixin.py:137} INFO - [2025-10-07T03:01:47.237+0000] {taskmixin.py:205} WARNING - Dependency <Task(PythonOperator): data_preprocessing_task>, load_data_task already registered for DAG: Airflow_Lab1
[2025-10-07T03:01:47.238+0000] {logging_mixin.py:137} INFO - [2025-10-07T03:01:47.238+0000] {taskmixin.py:205} WARNING - Dependency <Task(PythonOperator): data_preprocessing_task>, build_save_model_task already registered for DAG: Airflow_Lab1
[2025-10-07T03:01:47.239+0000] {logging_mixin.py:137} INFO - [2025-10-07T03:01:47.239+0000] {taskmixin.py:205} WARNING - Dependency <Task(PythonOperator): build_save_model_task>, data_preprocessing_task already registered for DAG: Airflow_Lab1
[2025-10-07T03:01:47.240+0000] {logging_mixin.py:137} INFO - [2025-10-07T03:01:47.240+0000] {taskmixin.py:205} WARNING - Dependency <Task(PythonOperator): build_save_model_task>, load_model_task already registered for DAG: Airflow_Lab1
[2025-10-07T03:01:47.241+0000] {logging_mixin.py:137} INFO - [2025-10-07T03:01:47.241+0000] {taskmixin.py:205} WARNING - Dependency <Task(PythonOperator): load_model_task>, build_save_model_task already registered for DAG: Airflow_Lab1
[2025-10-07T03:01:47.245+0000] {processor.py:753} INFO - DAG(s) dict_keys(['Airflow_Lab1']) retrieved from /opt/airflow/dags/airflow.py
[2025-10-07T03:01:47.262+0000] {logging_mixin.py:137} INFO - [2025-10-07T03:01:47.261+0000] {dag.py:2690} INFO - Sync 1 DAGs
[2025-10-07T03:01:47.280+0000] {logging_mixin.py:137} INFO - [2025-10-07T03:01:47.280+0000] {dag.py:3441} INFO - Setting next_dagrun for Airflow_Lab1 to None, run_after=None
[2025-10-07T03:01:47.316+0000] {processor.py:175} INFO - Processing /opt/airflow/dags/airflow.py took 0.772 seconds
[2025-10-07T03:02:17.564+0000] {processor.py:153} INFO - Started process (PID=91) to work on /opt/airflow/dags/airflow.py
[2025-10-07T03:02:17.566+0000] {processor.py:743} INFO - Processing file /opt/airflow/dags/airflow.py for tasks to queue
[2025-10-07T03:02:17.567+0000] {logging_mixin.py:137} INFO - [2025-10-07T03:02:17.567+0000] {dagbag.py:538} INFO - Filling up the DagBag from /opt/airflow/dags/airflow.py
[2025-10-07T03:02:18.285+0000] {logging_mixin.py:137} INFO - [2025-10-07T03:02:18.285+0000] {taskmixin.py:205} WARNING - Dependency <Task(PythonOperator): load_data_task>, data_preprocessing_task already registered for DAG: Airflow_Lab1
[2025-10-07T03:02:18.287+0000] {logging_mixin.py:137} INFO - [2025-10-07T03:02:18.287+0000] {taskmixin.py:205} WARNING - Dependency <Task(PythonOperator): data_preprocessing_task>, load_data_task already registered for DAG: Airflow_Lab1
[2025-10-07T03:02:18.288+0000] {logging_mixin.py:137} INFO - [2025-10-07T03:02:18.288+0000] {taskmixin.py:205} WARNING - Dependency <Task(PythonOperator): data_preprocessing_task>, build_save_model_task already registered for DAG: Airflow_Lab1
[2025-10-07T03:02:18.289+0000] {logging_mixin.py:137} INFO - [2025-10-07T03:02:18.289+0000] {taskmixin.py:205} WARNING - Dependency <Task(PythonOperator): build_save_model_task>, data_preprocessing_task already registered for DAG: Airflow_Lab1
[2025-10-07T03:02:18.290+0000] {logging_mixin.py:137} INFO - [2025-10-07T03:02:18.290+0000] {taskmixin.py:205} WARNING - Dependency <Task(PythonOperator): build_save_model_task>, load_model_task already registered for DAG: Airflow_Lab1
[2025-10-07T03:02:18.291+0000] {logging_mixin.py:137} INFO - [2025-10-07T03:02:18.291+0000] {taskmixin.py:205} WARNING - Dependency <Task(PythonOperator): load_model_task>, build_save_model_task already registered for DAG: Airflow_Lab1
[2025-10-07T03:02:18.295+0000] {processor.py:753} INFO - DAG(s) dict_keys(['Airflow_Lab1']) retrieved from /opt/airflow/dags/airflow.py
[2025-10-07T03:02:18.308+0000] {logging_mixin.py:137} INFO - [2025-10-07T03:02:18.308+0000] {dag.py:2690} INFO - Sync 1 DAGs
[2025-10-07T03:02:18.326+0000] {logging_mixin.py:137} INFO - [2025-10-07T03:02:18.326+0000] {dag.py:3441} INFO - Setting next_dagrun for Airflow_Lab1 to None, run_after=None
[2025-10-07T03:02:18.349+0000] {processor.py:175} INFO - Processing /opt/airflow/dags/airflow.py took 0.787 seconds
[2025-10-07T03:02:48.595+0000] {processor.py:153} INFO - Started process (PID=95) to work on /opt/airflow/dags/airflow.py
[2025-10-07T03:02:48.597+0000] {processor.py:743} INFO - Processing file /opt/airflow/dags/airflow.py for tasks to queue
[2025-10-07T03:02:48.599+0000] {logging_mixin.py:137} INFO - [2025-10-07T03:02:48.598+0000] {dagbag.py:538} INFO - Filling up the DagBag from /opt/airflow/dags/airflow.py
[2025-10-07T03:02:49.240+0000] {logging_mixin.py:137} INFO - [2025-10-07T03:02:49.239+0000] {taskmixin.py:205} WARNING - Dependency <Task(PythonOperator): load_data_task>, data_preprocessing_task already registered for DAG: Airflow_Lab1
[2025-10-07T03:02:49.240+0000] {logging_mixin.py:137} INFO - [2025-10-07T03:02:49.240+0000] {taskmixin.py:205} WARNING - Dependency <Task(PythonOperator): data_preprocessing_task>, load_data_task already registered for DAG: Airflow_Lab1
[2025-10-07T03:02:49.241+0000] {logging_mixin.py:137} INFO - [2025-10-07T03:02:49.241+0000] {taskmixin.py:205} WARNING - Dependency <Task(PythonOperator): data_preprocessing_task>, build_save_model_task already registered for DAG: Airflow_Lab1
[2025-10-07T03:02:49.243+0000] {logging_mixin.py:137} INFO - [2025-10-07T03:02:49.243+0000] {taskmixin.py:205} WARNING - Dependency <Task(PythonOperator): build_save_model_task>, data_preprocessing_task already registered for DAG: Airflow_Lab1
[2025-10-07T03:02:49.244+0000] {logging_mixin.py:137} INFO - [2025-10-07T03:02:49.244+0000] {taskmixin.py:205} WARNING - Dependency <Task(PythonOperator): build_save_model_task>, load_model_task already registered for DAG: Airflow_Lab1
[2025-10-07T03:02:49.245+0000] {logging_mixin.py:137} INFO - [2025-10-07T03:02:49.245+0000] {taskmixin.py:205} WARNING - Dependency <Task(PythonOperator): load_model_task>, build_save_model_task already registered for DAG: Airflow_Lab1
[2025-10-07T03:02:49.249+0000] {processor.py:753} INFO - DAG(s) dict_keys(['Airflow_Lab1']) retrieved from /opt/airflow/dags/airflow.py
[2025-10-07T03:02:49.264+0000] {logging_mixin.py:137} INFO - [2025-10-07T03:02:49.264+0000] {dag.py:2690} INFO - Sync 1 DAGs
[2025-10-07T03:02:49.282+0000] {logging_mixin.py:137} INFO - [2025-10-07T03:02:49.281+0000] {dag.py:3441} INFO - Setting next_dagrun for Airflow_Lab1 to None, run_after=None
[2025-10-07T03:02:49.306+0000] {processor.py:175} INFO - Processing /opt/airflow/dags/airflow.py took 0.714 seconds
[2025-10-07T03:05:25.062+0000] {processor.py:153} INFO - Started process (PID=171) to work on /opt/airflow/dags/airflow.py
[2025-10-07T03:05:25.064+0000] {processor.py:743} INFO - Processing file /opt/airflow/dags/airflow.py for tasks to queue
[2025-10-07T03:05:25.064+0000] {logging_mixin.py:137} INFO - [2025-10-07T03:05:25.064+0000] {dagbag.py:538} INFO - Filling up the DagBag from /opt/airflow/dags/airflow.py
[2025-10-07T03:05:25.704+0000] {logging_mixin.py:137} INFO - [2025-10-07T03:05:25.704+0000] {taskmixin.py:205} WARNING - Dependency <Task(PythonOperator): load_data_task>, data_preprocessing_task already registered for DAG: Airflow_Lab1
[2025-10-07T03:05:25.705+0000] {logging_mixin.py:137} INFO - [2025-10-07T03:05:25.705+0000] {taskmixin.py:205} WARNING - Dependency <Task(PythonOperator): data_preprocessing_task>, load_data_task already registered for DAG: Airflow_Lab1
[2025-10-07T03:05:25.706+0000] {logging_mixin.py:137} INFO - [2025-10-07T03:05:25.706+0000] {taskmixin.py:205} WARNING - Dependency <Task(PythonOperator): data_preprocessing_task>, build_save_model_task already registered for DAG: Airflow_Lab1
[2025-10-07T03:05:25.706+0000] {logging_mixin.py:137} INFO - [2025-10-07T03:05:25.706+0000] {taskmixin.py:205} WARNING - Dependency <Task(PythonOperator): build_save_model_task>, data_preprocessing_task already registered for DAG: Airflow_Lab1
[2025-10-07T03:05:25.707+0000] {logging_mixin.py:137} INFO - [2025-10-07T03:05:25.706+0000] {taskmixin.py:205} WARNING - Dependency <Task(PythonOperator): build_save_model_task>, load_model_task already registered for DAG: Airflow_Lab1
[2025-10-07T03:05:25.707+0000] {logging_mixin.py:137} INFO - [2025-10-07T03:05:25.707+0000] {taskmixin.py:205} WARNING - Dependency <Task(PythonOperator): load_model_task>, build_save_model_task already registered for DAG: Airflow_Lab1
[2025-10-07T03:05:25.708+0000] {processor.py:753} INFO - DAG(s) dict_keys(['Airflow_Lab1']) retrieved from /opt/airflow/dags/airflow.py
[2025-10-07T03:05:25.720+0000] {logging_mixin.py:137} INFO - [2025-10-07T03:05:25.720+0000] {dag.py:2690} INFO - Sync 1 DAGs
[2025-10-07T03:05:25.734+0000] {logging_mixin.py:137} INFO - [2025-10-07T03:05:25.734+0000] {dag.py:3441} INFO - Setting next_dagrun for Airflow_Lab1 to None, run_after=None
[2025-10-07T03:05:25.764+0000] {processor.py:175} INFO - Processing /opt/airflow/dags/airflow.py took 0.704 seconds
[2025-10-07T03:05:56.195+0000] {processor.py:153} INFO - Started process (PID=214) to work on /opt/airflow/dags/airflow.py
[2025-10-07T03:05:56.197+0000] {processor.py:743} INFO - Processing file /opt/airflow/dags/airflow.py for tasks to queue
[2025-10-07T03:05:56.198+0000] {logging_mixin.py:137} INFO - [2025-10-07T03:05:56.198+0000] {dagbag.py:538} INFO - Filling up the DagBag from /opt/airflow/dags/airflow.py
[2025-10-07T03:05:56.893+0000] {logging_mixin.py:137} INFO - [2025-10-07T03:05:56.893+0000] {taskmixin.py:205} WARNING - Dependency <Task(PythonOperator): load_data_task>, data_preprocessing_task already registered for DAG: Airflow_Lab1
[2025-10-07T03:05:56.894+0000] {logging_mixin.py:137} INFO - [2025-10-07T03:05:56.894+0000] {taskmixin.py:205} WARNING - Dependency <Task(PythonOperator): data_preprocessing_task>, load_data_task already registered for DAG: Airflow_Lab1
[2025-10-07T03:05:56.895+0000] {logging_mixin.py:137} INFO - [2025-10-07T03:05:56.895+0000] {taskmixin.py:205} WARNING - Dependency <Task(PythonOperator): data_preprocessing_task>, build_save_model_task already registered for DAG: Airflow_Lab1
[2025-10-07T03:05:56.896+0000] {logging_mixin.py:137} INFO - [2025-10-07T03:05:56.896+0000] {taskmixin.py:205} WARNING - Dependency <Task(PythonOperator): build_save_model_task>, data_preprocessing_task already registered for DAG: Airflow_Lab1
[2025-10-07T03:05:56.896+0000] {logging_mixin.py:137} INFO - [2025-10-07T03:05:56.896+0000] {taskmixin.py:205} WARNING - Dependency <Task(PythonOperator): build_save_model_task>, load_model_task already registered for DAG: Airflow_Lab1
[2025-10-07T03:05:56.897+0000] {logging_mixin.py:137} INFO - [2025-10-07T03:05:56.897+0000] {taskmixin.py:205} WARNING - Dependency <Task(PythonOperator): load_model_task>, build_save_model_task already registered for DAG: Airflow_Lab1
[2025-10-07T03:05:56.898+0000] {processor.py:753} INFO - DAG(s) dict_keys(['Airflow_Lab1']) retrieved from /opt/airflow/dags/airflow.py
[2025-10-07T03:05:56.910+0000] {logging_mixin.py:137} INFO - [2025-10-07T03:05:56.910+0000] {dag.py:2690} INFO - Sync 1 DAGs
[2025-10-07T03:05:56.924+0000] {logging_mixin.py:137} INFO - [2025-10-07T03:05:56.924+0000] {dag.py:3441} INFO - Setting next_dagrun for Airflow_Lab1 to None, run_after=None
[2025-10-07T03:05:56.956+0000] {processor.py:175} INFO - Processing /opt/airflow/dags/airflow.py took 0.764 seconds
[2025-10-07T03:06:27.174+0000] {processor.py:153} INFO - Started process (PID=218) to work on /opt/airflow/dags/airflow.py
[2025-10-07T03:06:27.176+0000] {processor.py:743} INFO - Processing file /opt/airflow/dags/airflow.py for tasks to queue
[2025-10-07T03:06:27.177+0000] {logging_mixin.py:137} INFO - [2025-10-07T03:06:27.177+0000] {dagbag.py:538} INFO - Filling up the DagBag from /opt/airflow/dags/airflow.py
[2025-10-07T03:06:27.831+0000] {logging_mixin.py:137} INFO - [2025-10-07T03:06:27.831+0000] {taskmixin.py:205} WARNING - Dependency <Task(PythonOperator): load_data_task>, data_preprocessing_task already registered for DAG: Airflow_Lab1
[2025-10-07T03:06:27.832+0000] {logging_mixin.py:137} INFO - [2025-10-07T03:06:27.832+0000] {taskmixin.py:205} WARNING - Dependency <Task(PythonOperator): data_preprocessing_task>, load_data_task already registered for DAG: Airflow_Lab1
[2025-10-07T03:06:27.833+0000] {logging_mixin.py:137} INFO - [2025-10-07T03:06:27.833+0000] {taskmixin.py:205} WARNING - Dependency <Task(PythonOperator): data_preprocessing_task>, build_save_model_task already registered for DAG: Airflow_Lab1
[2025-10-07T03:06:27.833+0000] {logging_mixin.py:137} INFO - [2025-10-07T03:06:27.833+0000] {taskmixin.py:205} WARNING - Dependency <Task(PythonOperator): build_save_model_task>, data_preprocessing_task already registered for DAG: Airflow_Lab1
[2025-10-07T03:06:27.834+0000] {logging_mixin.py:137} INFO - [2025-10-07T03:06:27.834+0000] {taskmixin.py:205} WARNING - Dependency <Task(PythonOperator): build_save_model_task>, load_model_task already registered for DAG: Airflow_Lab1
[2025-10-07T03:06:27.835+0000] {logging_mixin.py:137} INFO - [2025-10-07T03:06:27.835+0000] {taskmixin.py:205} WARNING - Dependency <Task(PythonOperator): load_model_task>, build_save_model_task already registered for DAG: Airflow_Lab1
[2025-10-07T03:06:27.836+0000] {processor.py:753} INFO - DAG(s) dict_keys(['Airflow_Lab1']) retrieved from /opt/airflow/dags/airflow.py
[2025-10-07T03:06:27.849+0000] {logging_mixin.py:137} INFO - [2025-10-07T03:06:27.848+0000] {dag.py:2690} INFO - Sync 1 DAGs
[2025-10-07T03:06:27.868+0000] {logging_mixin.py:137} INFO - [2025-10-07T03:06:27.868+0000] {dag.py:3441} INFO - Setting next_dagrun for Airflow_Lab1 to None, run_after=None
[2025-10-07T03:06:27.889+0000] {processor.py:175} INFO - Processing /opt/airflow/dags/airflow.py took 0.718 seconds
[2025-10-07T03:06:58.109+0000] {processor.py:153} INFO - Started process (PID=222) to work on /opt/airflow/dags/airflow.py
[2025-10-07T03:06:58.111+0000] {processor.py:743} INFO - Processing file /opt/airflow/dags/airflow.py for tasks to queue
[2025-10-07T03:06:58.112+0000] {logging_mixin.py:137} INFO - [2025-10-07T03:06:58.112+0000] {dagbag.py:538} INFO - Filling up the DagBag from /opt/airflow/dags/airflow.py
[2025-10-07T03:06:58.685+0000] {logging_mixin.py:137} INFO - [2025-10-07T03:06:58.685+0000] {taskmixin.py:205} WARNING - Dependency <Task(PythonOperator): load_data_task>, data_preprocessing_task already registered for DAG: Airflow_Lab1
[2025-10-07T03:06:58.686+0000] {logging_mixin.py:137} INFO - [2025-10-07T03:06:58.686+0000] {taskmixin.py:205} WARNING - Dependency <Task(PythonOperator): data_preprocessing_task>, load_data_task already registered for DAG: Airflow_Lab1
[2025-10-07T03:06:58.687+0000] {logging_mixin.py:137} INFO - [2025-10-07T03:06:58.687+0000] {taskmixin.py:205} WARNING - Dependency <Task(PythonOperator): data_preprocessing_task>, build_save_model_task already registered for DAG: Airflow_Lab1
[2025-10-07T03:06:58.688+0000] {logging_mixin.py:137} INFO - [2025-10-07T03:06:58.688+0000] {taskmixin.py:205} WARNING - Dependency <Task(PythonOperator): build_save_model_task>, data_preprocessing_task already registered for DAG: Airflow_Lab1
[2025-10-07T03:06:58.689+0000] {logging_mixin.py:137} INFO - [2025-10-07T03:06:58.689+0000] {taskmixin.py:205} WARNING - Dependency <Task(PythonOperator): build_save_model_task>, load_model_task already registered for DAG: Airflow_Lab1
[2025-10-07T03:06:58.690+0000] {logging_mixin.py:137} INFO - [2025-10-07T03:06:58.690+0000] {taskmixin.py:205} WARNING - Dependency <Task(PythonOperator): load_model_task>, build_save_model_task already registered for DAG: Airflow_Lab1
[2025-10-07T03:06:58.691+0000] {processor.py:753} INFO - DAG(s) dict_keys(['Airflow_Lab1']) retrieved from /opt/airflow/dags/airflow.py
[2025-10-07T03:06:58.702+0000] {logging_mixin.py:137} INFO - [2025-10-07T03:06:58.702+0000] {dag.py:2690} INFO - Sync 1 DAGs
[2025-10-07T03:06:58.714+0000] {logging_mixin.py:137} INFO - [2025-10-07T03:06:58.714+0000] {dag.py:3441} INFO - Setting next_dagrun for Airflow_Lab1 to None, run_after=None
[2025-10-07T03:06:58.734+0000] {processor.py:175} INFO - Processing /opt/airflow/dags/airflow.py took 0.627 seconds
[2025-10-07T03:07:29.027+0000] {processor.py:153} INFO - Started process (PID=226) to work on /opt/airflow/dags/airflow.py
[2025-10-07T03:07:29.030+0000] {processor.py:743} INFO - Processing file /opt/airflow/dags/airflow.py for tasks to queue
[2025-10-07T03:07:29.031+0000] {logging_mixin.py:137} INFO - [2025-10-07T03:07:29.031+0000] {dagbag.py:538} INFO - Filling up the DagBag from /opt/airflow/dags/airflow.py
[2025-10-07T03:07:29.653+0000] {logging_mixin.py:137} INFO - [2025-10-07T03:07:29.652+0000] {taskmixin.py:205} WARNING - Dependency <Task(PythonOperator): load_data_task>, data_preprocessing_task already registered for DAG: Airflow_Lab1
[2025-10-07T03:07:29.653+0000] {logging_mixin.py:137} INFO - [2025-10-07T03:07:29.653+0000] {taskmixin.py:205} WARNING - Dependency <Task(PythonOperator): data_preprocessing_task>, load_data_task already registered for DAG: Airflow_Lab1
[2025-10-07T03:07:29.654+0000] {logging_mixin.py:137} INFO - [2025-10-07T03:07:29.654+0000] {taskmixin.py:205} WARNING - Dependency <Task(PythonOperator): data_preprocessing_task>, build_save_model_task already registered for DAG: Airflow_Lab1
[2025-10-07T03:07:29.655+0000] {logging_mixin.py:137} INFO - [2025-10-07T03:07:29.654+0000] {taskmixin.py:205} WARNING - Dependency <Task(PythonOperator): build_save_model_task>, data_preprocessing_task already registered for DAG: Airflow_Lab1
[2025-10-07T03:07:29.655+0000] {logging_mixin.py:137} INFO - [2025-10-07T03:07:29.655+0000] {taskmixin.py:205} WARNING - Dependency <Task(PythonOperator): build_save_model_task>, load_model_task already registered for DAG: Airflow_Lab1
[2025-10-07T03:07:29.656+0000] {logging_mixin.py:137} INFO - [2025-10-07T03:07:29.656+0000] {taskmixin.py:205} WARNING - Dependency <Task(PythonOperator): load_model_task>, build_save_model_task already registered for DAG: Airflow_Lab1
[2025-10-07T03:07:29.657+0000] {processor.py:753} INFO - DAG(s) dict_keys(['Airflow_Lab1']) retrieved from /opt/airflow/dags/airflow.py
[2025-10-07T03:07:29.667+0000] {logging_mixin.py:137} INFO - [2025-10-07T03:07:29.667+0000] {dag.py:2690} INFO - Sync 1 DAGs
[2025-10-07T03:07:29.680+0000] {logging_mixin.py:137} INFO - [2025-10-07T03:07:29.680+0000] {dag.py:3441} INFO - Setting next_dagrun for Airflow_Lab1 to None, run_after=None
[2025-10-07T03:07:29.713+0000] {processor.py:175} INFO - Processing /opt/airflow/dags/airflow.py took 0.690 seconds
[2025-10-07T03:07:59.886+0000] {processor.py:153} INFO - Started process (PID=230) to work on /opt/airflow/dags/airflow.py
[2025-10-07T03:07:59.888+0000] {processor.py:743} INFO - Processing file /opt/airflow/dags/airflow.py for tasks to queue
[2025-10-07T03:07:59.889+0000] {logging_mixin.py:137} INFO - [2025-10-07T03:07:59.889+0000] {dagbag.py:538} INFO - Filling up the DagBag from /opt/airflow/dags/airflow.py
[2025-10-07T03:08:00.492+0000] {logging_mixin.py:137} INFO - [2025-10-07T03:08:00.492+0000] {taskmixin.py:205} WARNING - Dependency <Task(PythonOperator): load_data_task>, data_preprocessing_task already registered for DAG: Airflow_Lab1
[2025-10-07T03:08:00.493+0000] {logging_mixin.py:137} INFO - [2025-10-07T03:08:00.493+0000] {taskmixin.py:205} WARNING - Dependency <Task(PythonOperator): data_preprocessing_task>, load_data_task already registered for DAG: Airflow_Lab1
[2025-10-07T03:08:00.494+0000] {logging_mixin.py:137} INFO - [2025-10-07T03:08:00.494+0000] {taskmixin.py:205} WARNING - Dependency <Task(PythonOperator): data_preprocessing_task>, build_save_model_task already registered for DAG: Airflow_Lab1
[2025-10-07T03:08:00.494+0000] {logging_mixin.py:137} INFO - [2025-10-07T03:08:00.494+0000] {taskmixin.py:205} WARNING - Dependency <Task(PythonOperator): build_save_model_task>, data_preprocessing_task already registered for DAG: Airflow_Lab1
[2025-10-07T03:08:00.495+0000] {logging_mixin.py:137} INFO - [2025-10-07T03:08:00.495+0000] {taskmixin.py:205} WARNING - Dependency <Task(PythonOperator): build_save_model_task>, load_model_task already registered for DAG: Airflow_Lab1
[2025-10-07T03:08:00.495+0000] {logging_mixin.py:137} INFO - [2025-10-07T03:08:00.495+0000] {taskmixin.py:205} WARNING - Dependency <Task(PythonOperator): load_model_task>, build_save_model_task already registered for DAG: Airflow_Lab1
[2025-10-07T03:08:00.496+0000] {processor.py:753} INFO - DAG(s) dict_keys(['Airflow_Lab1']) retrieved from /opt/airflow/dags/airflow.py
[2025-10-07T03:08:00.506+0000] {logging_mixin.py:137} INFO - [2025-10-07T03:08:00.506+0000] {dag.py:2690} INFO - Sync 1 DAGs
[2025-10-07T03:08:00.519+0000] {logging_mixin.py:137} INFO - [2025-10-07T03:08:00.519+0000] {dag.py:3441} INFO - Setting next_dagrun for Airflow_Lab1 to None, run_after=None
[2025-10-07T03:08:00.549+0000] {processor.py:175} INFO - Processing /opt/airflow/dags/airflow.py took 0.665 seconds
[2025-10-07T03:08:30.660+0000] {processor.py:153} INFO - Started process (PID=234) to work on /opt/airflow/dags/airflow.py
[2025-10-07T03:08:30.662+0000] {processor.py:743} INFO - Processing file /opt/airflow/dags/airflow.py for tasks to queue
[2025-10-07T03:08:30.665+0000] {logging_mixin.py:137} INFO - [2025-10-07T03:08:30.665+0000] {dagbag.py:538} INFO - Filling up the DagBag from /opt/airflow/dags/airflow.py
[2025-10-07T03:08:31.413+0000] {logging_mixin.py:137} INFO - [2025-10-07T03:08:31.412+0000] {taskmixin.py:205} WARNING - Dependency <Task(PythonOperator): load_data_task>, data_preprocessing_task already registered for DAG: Airflow_Lab1
[2025-10-07T03:08:31.414+0000] {logging_mixin.py:137} INFO - [2025-10-07T03:08:31.413+0000] {taskmixin.py:205} WARNING - Dependency <Task(PythonOperator): data_preprocessing_task>, load_data_task already registered for DAG: Airflow_Lab1
[2025-10-07T03:08:31.414+0000] {logging_mixin.py:137} INFO - [2025-10-07T03:08:31.414+0000] {taskmixin.py:205} WARNING - Dependency <Task(PythonOperator): data_preprocessing_task>, build_save_model_task already registered for DAG: Airflow_Lab1
[2025-10-07T03:08:31.415+0000] {logging_mixin.py:137} INFO - [2025-10-07T03:08:31.415+0000] {taskmixin.py:205} WARNING - Dependency <Task(PythonOperator): build_save_model_task>, data_preprocessing_task already registered for DAG: Airflow_Lab1
[2025-10-07T03:08:31.418+0000] {logging_mixin.py:137} INFO - [2025-10-07T03:08:31.418+0000] {taskmixin.py:205} WARNING - Dependency <Task(PythonOperator): build_save_model_task>, load_model_task already registered for DAG: Airflow_Lab1
[2025-10-07T03:08:31.420+0000] {logging_mixin.py:137} INFO - [2025-10-07T03:08:31.419+0000] {taskmixin.py:205} WARNING - Dependency <Task(PythonOperator): load_model_task>, build_save_model_task already registered for DAG: Airflow_Lab1
[2025-10-07T03:08:31.420+0000] {processor.py:753} INFO - DAG(s) dict_keys(['Airflow_Lab1']) retrieved from /opt/airflow/dags/airflow.py
[2025-10-07T03:08:31.432+0000] {logging_mixin.py:137} INFO - [2025-10-07T03:08:31.431+0000] {dag.py:2690} INFO - Sync 1 DAGs
[2025-10-07T03:08:31.444+0000] {logging_mixin.py:137} INFO - [2025-10-07T03:08:31.444+0000] {dag.py:3441} INFO - Setting next_dagrun for Airflow_Lab1 to None, run_after=None
[2025-10-07T03:08:31.466+0000] {processor.py:175} INFO - Processing /opt/airflow/dags/airflow.py took 0.809 seconds
[2025-10-07T03:09:01.612+0000] {processor.py:153} INFO - Started process (PID=238) to work on /opt/airflow/dags/airflow.py
[2025-10-07T03:09:01.614+0000] {processor.py:743} INFO - Processing file /opt/airflow/dags/airflow.py for tasks to queue
[2025-10-07T03:09:01.615+0000] {logging_mixin.py:137} INFO - [2025-10-07T03:09:01.615+0000] {dagbag.py:538} INFO - Filling up the DagBag from /opt/airflow/dags/airflow.py
[2025-10-07T03:09:02.135+0000] {logging_mixin.py:137} INFO - [2025-10-07T03:09:02.134+0000] {taskmixin.py:205} WARNING - Dependency <Task(PythonOperator): load_data_task>, data_preprocessing_task already registered for DAG: Airflow_Lab1
[2025-10-07T03:09:02.136+0000] {logging_mixin.py:137} INFO - [2025-10-07T03:09:02.136+0000] {taskmixin.py:205} WARNING - Dependency <Task(PythonOperator): data_preprocessing_task>, load_data_task already registered for DAG: Airflow_Lab1
[2025-10-07T03:09:02.137+0000] {logging_mixin.py:137} INFO - [2025-10-07T03:09:02.137+0000] {taskmixin.py:205} WARNING - Dependency <Task(PythonOperator): data_preprocessing_task>, build_save_model_task already registered for DAG: Airflow_Lab1
[2025-10-07T03:09:02.137+0000] {logging_mixin.py:137} INFO - [2025-10-07T03:09:02.137+0000] {taskmixin.py:205} WARNING - Dependency <Task(PythonOperator): build_save_model_task>, data_preprocessing_task already registered for DAG: Airflow_Lab1
[2025-10-07T03:09:02.138+0000] {logging_mixin.py:137} INFO - [2025-10-07T03:09:02.138+0000] {taskmixin.py:205} WARNING - Dependency <Task(PythonOperator): build_save_model_task>, load_model_task already registered for DAG: Airflow_Lab1
[2025-10-07T03:09:02.139+0000] {logging_mixin.py:137} INFO - [2025-10-07T03:09:02.139+0000] {taskmixin.py:205} WARNING - Dependency <Task(PythonOperator): load_model_task>, build_save_model_task already registered for DAG: Airflow_Lab1
[2025-10-07T03:09:02.140+0000] {processor.py:753} INFO - DAG(s) dict_keys(['Airflow_Lab1']) retrieved from /opt/airflow/dags/airflow.py
[2025-10-07T03:09:02.151+0000] {logging_mixin.py:137} INFO - [2025-10-07T03:09:02.151+0000] {dag.py:2690} INFO - Sync 1 DAGs
[2025-10-07T03:09:02.163+0000] {logging_mixin.py:137} INFO - [2025-10-07T03:09:02.163+0000] {dag.py:3441} INFO - Setting next_dagrun for Airflow_Lab1 to None, run_after=None
[2025-10-07T03:09:02.195+0000] {processor.py:175} INFO - Processing /opt/airflow/dags/airflow.py took 0.585 seconds
[2025-10-07T03:09:32.287+0000] {processor.py:153} INFO - Started process (PID=242) to work on /opt/airflow/dags/airflow.py
[2025-10-07T03:09:32.288+0000] {processor.py:743} INFO - Processing file /opt/airflow/dags/airflow.py for tasks to queue
[2025-10-07T03:09:32.289+0000] {logging_mixin.py:137} INFO - [2025-10-07T03:09:32.289+0000] {dagbag.py:538} INFO - Filling up the DagBag from /opt/airflow/dags/airflow.py
[2025-10-07T03:09:32.839+0000] {logging_mixin.py:137} INFO - [2025-10-07T03:09:32.838+0000] {taskmixin.py:205} WARNING - Dependency <Task(PythonOperator): load_data_task>, data_preprocessing_task already registered for DAG: Airflow_Lab1
[2025-10-07T03:09:32.840+0000] {logging_mixin.py:137} INFO - [2025-10-07T03:09:32.840+0000] {taskmixin.py:205} WARNING - Dependency <Task(PythonOperator): data_preprocessing_task>, load_data_task already registered for DAG: Airflow_Lab1
[2025-10-07T03:09:32.841+0000] {logging_mixin.py:137} INFO - [2025-10-07T03:09:32.841+0000] {taskmixin.py:205} WARNING - Dependency <Task(PythonOperator): data_preprocessing_task>, build_save_model_task already registered for DAG: Airflow_Lab1
[2025-10-07T03:09:32.842+0000] {logging_mixin.py:137} INFO - [2025-10-07T03:09:32.842+0000] {taskmixin.py:205} WARNING - Dependency <Task(PythonOperator): build_save_model_task>, data_preprocessing_task already registered for DAG: Airflow_Lab1
[2025-10-07T03:09:32.843+0000] {logging_mixin.py:137} INFO - [2025-10-07T03:09:32.843+0000] {taskmixin.py:205} WARNING - Dependency <Task(PythonOperator): build_save_model_task>, load_model_task already registered for DAG: Airflow_Lab1
[2025-10-07T03:09:32.844+0000] {logging_mixin.py:137} INFO - [2025-10-07T03:09:32.844+0000] {taskmixin.py:205} WARNING - Dependency <Task(PythonOperator): load_model_task>, build_save_model_task already registered for DAG: Airflow_Lab1
[2025-10-07T03:09:32.845+0000] {processor.py:753} INFO - DAG(s) dict_keys(['Airflow_Lab1']) retrieved from /opt/airflow/dags/airflow.py
[2025-10-07T03:09:32.858+0000] {logging_mixin.py:137} INFO - [2025-10-07T03:09:32.857+0000] {dag.py:2690} INFO - Sync 1 DAGs
[2025-10-07T03:09:32.870+0000] {logging_mixin.py:137} INFO - [2025-10-07T03:09:32.870+0000] {dag.py:3441} INFO - Setting next_dagrun for Airflow_Lab1 to None, run_after=None
[2025-10-07T03:09:32.901+0000] {processor.py:175} INFO - Processing /opt/airflow/dags/airflow.py took 0.617 seconds
[2025-10-07T03:10:04.057+0000] {processor.py:153} INFO - Started process (PID=246) to work on /opt/airflow/dags/airflow.py
[2025-10-07T03:10:04.060+0000] {processor.py:743} INFO - Processing file /opt/airflow/dags/airflow.py for tasks to queue
[2025-10-07T03:10:04.061+0000] {logging_mixin.py:137} INFO - [2025-10-07T03:10:04.061+0000] {dagbag.py:538} INFO - Filling up the DagBag from /opt/airflow/dags/airflow.py
[2025-10-07T03:10:04.731+0000] {logging_mixin.py:137} INFO - [2025-10-07T03:10:04.730+0000] {taskmixin.py:205} WARNING - Dependency <Task(PythonOperator): load_data_task>, data_preprocessing_task already registered for DAG: Airflow_Lab1
[2025-10-07T03:10:04.733+0000] {logging_mixin.py:137} INFO - [2025-10-07T03:10:04.732+0000] {taskmixin.py:205} WARNING - Dependency <Task(PythonOperator): data_preprocessing_task>, load_data_task already registered for DAG: Airflow_Lab1
[2025-10-07T03:10:04.734+0000] {logging_mixin.py:137} INFO - [2025-10-07T03:10:04.734+0000] {taskmixin.py:205} WARNING - Dependency <Task(PythonOperator): data_preprocessing_task>, build_save_model_task already registered for DAG: Airflow_Lab1
[2025-10-07T03:10:04.736+0000] {logging_mixin.py:137} INFO - [2025-10-07T03:10:04.736+0000] {taskmixin.py:205} WARNING - Dependency <Task(PythonOperator): build_save_model_task>, data_preprocessing_task already registered for DAG: Airflow_Lab1
[2025-10-07T03:10:04.737+0000] {logging_mixin.py:137} INFO - [2025-10-07T03:10:04.737+0000] {taskmixin.py:205} WARNING - Dependency <Task(PythonOperator): build_save_model_task>, load_model_task already registered for DAG: Airflow_Lab1
[2025-10-07T03:10:04.739+0000] {logging_mixin.py:137} INFO - [2025-10-07T03:10:04.739+0000] {taskmixin.py:205} WARNING - Dependency <Task(PythonOperator): load_model_task>, build_save_model_task already registered for DAG: Airflow_Lab1
[2025-10-07T03:10:04.740+0000] {processor.py:753} INFO - DAG(s) dict_keys(['Airflow_Lab1']) retrieved from /opt/airflow/dags/airflow.py
[2025-10-07T03:10:04.753+0000] {logging_mixin.py:137} INFO - [2025-10-07T03:10:04.753+0000] {dag.py:2690} INFO - Sync 1 DAGs
[2025-10-07T03:10:04.766+0000] {logging_mixin.py:137} INFO - [2025-10-07T03:10:04.766+0000] {dag.py:3441} INFO - Setting next_dagrun for Airflow_Lab1 to None, run_after=None
[2025-10-07T03:10:04.787+0000] {processor.py:175} INFO - Processing /opt/airflow/dags/airflow.py took 0.732 seconds
[2025-10-07T03:10:35.809+0000] {processor.py:153} INFO - Started process (PID=250) to work on /opt/airflow/dags/airflow.py
[2025-10-07T03:10:35.810+0000] {processor.py:743} INFO - Processing file /opt/airflow/dags/airflow.py for tasks to queue
[2025-10-07T03:10:35.811+0000] {logging_mixin.py:137} INFO - [2025-10-07T03:10:35.811+0000] {dagbag.py:538} INFO - Filling up the DagBag from /opt/airflow/dags/airflow.py
[2025-10-07T03:10:36.328+0000] {logging_mixin.py:137} INFO - [2025-10-07T03:10:36.328+0000] {taskmixin.py:205} WARNING - Dependency <Task(PythonOperator): load_data_task>, data_preprocessing_task already registered for DAG: Airflow_Lab1
[2025-10-07T03:10:36.330+0000] {logging_mixin.py:137} INFO - [2025-10-07T03:10:36.329+0000] {taskmixin.py:205} WARNING - Dependency <Task(PythonOperator): data_preprocessing_task>, load_data_task already registered for DAG: Airflow_Lab1
[2025-10-07T03:10:36.330+0000] {logging_mixin.py:137} INFO - [2025-10-07T03:10:36.330+0000] {taskmixin.py:205} WARNING - Dependency <Task(PythonOperator): data_preprocessing_task>, build_save_model_task already registered for DAG: Airflow_Lab1
[2025-10-07T03:10:36.331+0000] {logging_mixin.py:137} INFO - [2025-10-07T03:10:36.331+0000] {taskmixin.py:205} WARNING - Dependency <Task(PythonOperator): build_save_model_task>, data_preprocessing_task already registered for DAG: Airflow_Lab1
[2025-10-07T03:10:36.332+0000] {logging_mixin.py:137} INFO - [2025-10-07T03:10:36.331+0000] {taskmixin.py:205} WARNING - Dependency <Task(PythonOperator): build_save_model_task>, load_model_task already registered for DAG: Airflow_Lab1
[2025-10-07T03:10:36.332+0000] {logging_mixin.py:137} INFO - [2025-10-07T03:10:36.332+0000] {taskmixin.py:205} WARNING - Dependency <Task(PythonOperator): load_model_task>, build_save_model_task already registered for DAG: Airflow_Lab1
[2025-10-07T03:10:36.333+0000] {processor.py:753} INFO - DAG(s) dict_keys(['Airflow_Lab1']) retrieved from /opt/airflow/dags/airflow.py
[2025-10-07T03:10:36.343+0000] {logging_mixin.py:137} INFO - [2025-10-07T03:10:36.342+0000] {dag.py:2690} INFO - Sync 1 DAGs
[2025-10-07T03:10:36.356+0000] {logging_mixin.py:137} INFO - [2025-10-07T03:10:36.356+0000] {dag.py:3441} INFO - Setting next_dagrun for Airflow_Lab1 to None, run_after=None
[2025-10-07T03:10:36.386+0000] {processor.py:175} INFO - Processing /opt/airflow/dags/airflow.py took 0.580 seconds
[2025-10-07T03:11:06.579+0000] {processor.py:153} INFO - Started process (PID=254) to work on /opt/airflow/dags/airflow.py
[2025-10-07T03:11:06.581+0000] {processor.py:743} INFO - Processing file /opt/airflow/dags/airflow.py for tasks to queue
[2025-10-07T03:11:06.582+0000] {logging_mixin.py:137} INFO - [2025-10-07T03:11:06.582+0000] {dagbag.py:538} INFO - Filling up the DagBag from /opt/airflow/dags/airflow.py
[2025-10-07T03:11:07.240+0000] {logging_mixin.py:137} INFO - [2025-10-07T03:11:07.240+0000] {taskmixin.py:205} WARNING - Dependency <Task(PythonOperator): load_data_task>, data_preprocessing_task already registered for DAG: Airflow_Lab1
[2025-10-07T03:11:07.242+0000] {logging_mixin.py:137} INFO - [2025-10-07T03:11:07.242+0000] {taskmixin.py:205} WARNING - Dependency <Task(PythonOperator): data_preprocessing_task>, load_data_task already registered for DAG: Airflow_Lab1
[2025-10-07T03:11:07.243+0000] {logging_mixin.py:137} INFO - [2025-10-07T03:11:07.243+0000] {taskmixin.py:205} WARNING - Dependency <Task(PythonOperator): data_preprocessing_task>, build_save_model_task already registered for DAG: Airflow_Lab1
[2025-10-07T03:11:07.244+0000] {logging_mixin.py:137} INFO - [2025-10-07T03:11:07.244+0000] {taskmixin.py:205} WARNING - Dependency <Task(PythonOperator): build_save_model_task>, data_preprocessing_task already registered for DAG: Airflow_Lab1
[2025-10-07T03:11:07.246+0000] {logging_mixin.py:137} INFO - [2025-10-07T03:11:07.246+0000] {taskmixin.py:205} WARNING - Dependency <Task(PythonOperator): build_save_model_task>, load_model_task already registered for DAG: Airflow_Lab1
[2025-10-07T03:11:07.247+0000] {logging_mixin.py:137} INFO - [2025-10-07T03:11:07.247+0000] {taskmixin.py:205} WARNING - Dependency <Task(PythonOperator): load_model_task>, build_save_model_task already registered for DAG: Airflow_Lab1
[2025-10-07T03:11:07.249+0000] {processor.py:753} INFO - DAG(s) dict_keys(['Airflow_Lab1']) retrieved from /opt/airflow/dags/airflow.py
[2025-10-07T03:11:07.261+0000] {logging_mixin.py:137} INFO - [2025-10-07T03:11:07.261+0000] {dag.py:2690} INFO - Sync 1 DAGs
[2025-10-07T03:11:07.275+0000] {logging_mixin.py:137} INFO - [2025-10-07T03:11:07.275+0000] {dag.py:3441} INFO - Setting next_dagrun for Airflow_Lab1 to None, run_after=None
[2025-10-07T03:11:07.311+0000] {processor.py:175} INFO - Processing /opt/airflow/dags/airflow.py took 0.735 seconds
[2025-10-07T03:11:38.431+0000] {processor.py:153} INFO - Started process (PID=258) to work on /opt/airflow/dags/airflow.py
[2025-10-07T03:11:38.433+0000] {processor.py:743} INFO - Processing file /opt/airflow/dags/airflow.py for tasks to queue
[2025-10-07T03:11:38.435+0000] {logging_mixin.py:137} INFO - [2025-10-07T03:11:38.435+0000] {dagbag.py:538} INFO - Filling up the DagBag from /opt/airflow/dags/airflow.py
[2025-10-07T03:11:39.045+0000] {logging_mixin.py:137} INFO - [2025-10-07T03:11:39.045+0000] {taskmixin.py:205} WARNING - Dependency <Task(PythonOperator): load_data_task>, data_preprocessing_task already registered for DAG: Airflow_Lab1
[2025-10-07T03:11:39.046+0000] {logging_mixin.py:137} INFO - [2025-10-07T03:11:39.046+0000] {taskmixin.py:205} WARNING - Dependency <Task(PythonOperator): data_preprocessing_task>, load_data_task already registered for DAG: Airflow_Lab1
[2025-10-07T03:11:39.047+0000] {logging_mixin.py:137} INFO - [2025-10-07T03:11:39.047+0000] {taskmixin.py:205} WARNING - Dependency <Task(PythonOperator): data_preprocessing_task>, build_save_model_task already registered for DAG: Airflow_Lab1
[2025-10-07T03:11:39.048+0000] {logging_mixin.py:137} INFO - [2025-10-07T03:11:39.048+0000] {taskmixin.py:205} WARNING - Dependency <Task(PythonOperator): build_save_model_task>, data_preprocessing_task already registered for DAG: Airflow_Lab1
[2025-10-07T03:11:39.049+0000] {logging_mixin.py:137} INFO - [2025-10-07T03:11:39.048+0000] {taskmixin.py:205} WARNING - Dependency <Task(PythonOperator): build_save_model_task>, load_model_task already registered for DAG: Airflow_Lab1
[2025-10-07T03:11:39.050+0000] {logging_mixin.py:137} INFO - [2025-10-07T03:11:39.049+0000] {taskmixin.py:205} WARNING - Dependency <Task(PythonOperator): load_model_task>, build_save_model_task already registered for DAG: Airflow_Lab1
[2025-10-07T03:11:39.050+0000] {processor.py:753} INFO - DAG(s) dict_keys(['Airflow_Lab1']) retrieved from /opt/airflow/dags/airflow.py
[2025-10-07T03:11:39.062+0000] {logging_mixin.py:137} INFO - [2025-10-07T03:11:39.062+0000] {dag.py:2690} INFO - Sync 1 DAGs
[2025-10-07T03:11:39.082+0000] {logging_mixin.py:137} INFO - [2025-10-07T03:11:39.081+0000] {dag.py:3441} INFO - Setting next_dagrun for Airflow_Lab1 to None, run_after=None
[2025-10-07T03:11:39.120+0000] {processor.py:175} INFO - Processing /opt/airflow/dags/airflow.py took 0.691 seconds
[2025-10-07T03:12:09.333+0000] {processor.py:153} INFO - Started process (PID=262) to work on /opt/airflow/dags/airflow.py
[2025-10-07T03:12:09.335+0000] {processor.py:743} INFO - Processing file /opt/airflow/dags/airflow.py for tasks to queue
[2025-10-07T03:12:09.336+0000] {logging_mixin.py:137} INFO - [2025-10-07T03:12:09.336+0000] {dagbag.py:538} INFO - Filling up the DagBag from /opt/airflow/dags/airflow.py
[2025-10-07T03:12:10.082+0000] {logging_mixin.py:137} INFO - [2025-10-07T03:12:10.082+0000] {taskmixin.py:205} WARNING - Dependency <Task(PythonOperator): load_data_task>, data_preprocessing_task already registered for DAG: Airflow_Lab1
[2025-10-07T03:12:10.083+0000] {logging_mixin.py:137} INFO - [2025-10-07T03:12:10.083+0000] {taskmixin.py:205} WARNING - Dependency <Task(PythonOperator): data_preprocessing_task>, load_data_task already registered for DAG: Airflow_Lab1
[2025-10-07T03:12:10.084+0000] {logging_mixin.py:137} INFO - [2025-10-07T03:12:10.084+0000] {taskmixin.py:205} WARNING - Dependency <Task(PythonOperator): data_preprocessing_task>, build_save_model_task already registered for DAG: Airflow_Lab1
[2025-10-07T03:12:10.085+0000] {logging_mixin.py:137} INFO - [2025-10-07T03:12:10.085+0000] {taskmixin.py:205} WARNING - Dependency <Task(PythonOperator): build_save_model_task>, data_preprocessing_task already registered for DAG: Airflow_Lab1
[2025-10-07T03:12:10.085+0000] {logging_mixin.py:137} INFO - [2025-10-07T03:12:10.085+0000] {taskmixin.py:205} WARNING - Dependency <Task(PythonOperator): build_save_model_task>, load_model_task already registered for DAG: Airflow_Lab1
[2025-10-07T03:12:10.086+0000] {logging_mixin.py:137} INFO - [2025-10-07T03:12:10.086+0000] {taskmixin.py:205} WARNING - Dependency <Task(PythonOperator): load_model_task>, build_save_model_task already registered for DAG: Airflow_Lab1
[2025-10-07T03:12:10.087+0000] {processor.py:753} INFO - DAG(s) dict_keys(['Airflow_Lab1']) retrieved from /opt/airflow/dags/airflow.py
[2025-10-07T03:12:10.108+0000] {logging_mixin.py:137} INFO - [2025-10-07T03:12:10.108+0000] {dag.py:2690} INFO - Sync 1 DAGs
[2025-10-07T03:12:10.126+0000] {logging_mixin.py:137} INFO - [2025-10-07T03:12:10.126+0000] {dag.py:3441} INFO - Setting next_dagrun for Airflow_Lab1 to None, run_after=None
[2025-10-07T03:12:10.157+0000] {processor.py:175} INFO - Processing /opt/airflow/dags/airflow.py took 0.827 seconds
[2025-10-07T03:12:40.366+0000] {processor.py:153} INFO - Started process (PID=266) to work on /opt/airflow/dags/airflow.py
[2025-10-07T03:12:40.368+0000] {processor.py:743} INFO - Processing file /opt/airflow/dags/airflow.py for tasks to queue
[2025-10-07T03:12:40.369+0000] {logging_mixin.py:137} INFO - [2025-10-07T03:12:40.369+0000] {dagbag.py:538} INFO - Filling up the DagBag from /opt/airflow/dags/airflow.py
[2025-10-07T03:12:40.949+0000] {logging_mixin.py:137} INFO - [2025-10-07T03:12:40.949+0000] {taskmixin.py:205} WARNING - Dependency <Task(PythonOperator): load_data_task>, data_preprocessing_task already registered for DAG: Airflow_Lab1
[2025-10-07T03:12:40.951+0000] {logging_mixin.py:137} INFO - [2025-10-07T03:12:40.951+0000] {taskmixin.py:205} WARNING - Dependency <Task(PythonOperator): data_preprocessing_task>, load_data_task already registered for DAG: Airflow_Lab1
[2025-10-07T03:12:40.952+0000] {logging_mixin.py:137} INFO - [2025-10-07T03:12:40.952+0000] {taskmixin.py:205} WARNING - Dependency <Task(PythonOperator): data_preprocessing_task>, build_save_model_task already registered for DAG: Airflow_Lab1
[2025-10-07T03:12:40.952+0000] {logging_mixin.py:137} INFO - [2025-10-07T03:12:40.952+0000] {taskmixin.py:205} WARNING - Dependency <Task(PythonOperator): build_save_model_task>, data_preprocessing_task already registered for DAG: Airflow_Lab1
[2025-10-07T03:12:40.953+0000] {logging_mixin.py:137} INFO - [2025-10-07T03:12:40.953+0000] {taskmixin.py:205} WARNING - Dependency <Task(PythonOperator): build_save_model_task>, load_model_task already registered for DAG: Airflow_Lab1
[2025-10-07T03:12:40.954+0000] {logging_mixin.py:137} INFO - [2025-10-07T03:12:40.954+0000] {taskmixin.py:205} WARNING - Dependency <Task(PythonOperator): load_model_task>, build_save_model_task already registered for DAG: Airflow_Lab1
[2025-10-07T03:12:40.955+0000] {processor.py:753} INFO - DAG(s) dict_keys(['Airflow_Lab1']) retrieved from /opt/airflow/dags/airflow.py
[2025-10-07T03:12:40.967+0000] {logging_mixin.py:137} INFO - [2025-10-07T03:12:40.967+0000] {dag.py:2690} INFO - Sync 1 DAGs
[2025-10-07T03:12:40.981+0000] {logging_mixin.py:137} INFO - [2025-10-07T03:12:40.981+0000] {dag.py:3441} INFO - Setting next_dagrun for Airflow_Lab1 to None, run_after=None
[2025-10-07T03:12:41.020+0000] {processor.py:175} INFO - Processing /opt/airflow/dags/airflow.py took 0.657 seconds
