[2025-10-07T02:56:03.287+0000] {manager.py:483} INFO - Processing files using up to 1 processes at a time 
[2025-10-07T02:56:03.288+0000] {manager.py:484} INFO - Process each file at most once every 30 seconds
[2025-10-07T02:56:03.289+0000] {manager.py:486} INFO - Checking for new files in /opt/airflow/dags every 300 seconds
[2025-10-07T02:56:03.290+0000] {manager.py:726} INFO - Searching for files in /opt/airflow/dags
[2025-10-07T02:56:03.434+0000] {manager.py:729} INFO - There are 2 files in /opt/airflow/dags
[2025-10-07T02:56:05.100+0000] {manager.py:854} INFO - 
================================================================================
DAG File Processing Stats

File Path                     PID    Runtime      # DAGs    # Errors  Last Runtime    Last Run
----------------------------  -----  ---------  --------  ----------  --------------  -------------------
/opt/airflow/dags/src/lab.py                           0           0
/opt/airflow/dags/airflow.py                           1           0  1.61s           2025-10-07T02:56:05
================================================================================
[2025-10-07T02:56:36.579+0000] {manager.py:854} INFO - 
================================================================================
DAG File Processing Stats

File Path                     PID    Runtime      # DAGs    # Errors  Last Runtime    Last Run
----------------------------  -----  ---------  --------  ----------  --------------  -------------------
/opt/airflow/dags/src/lab.py                           0           0  0.89s           2025-10-07T02:56:07
/opt/airflow/dags/airflow.py                           1           0  0.91s           2025-10-07T02:56:36
================================================================================
[2025-10-07T02:57:07.886+0000] {manager.py:854} INFO - 
================================================================================
DAG File Processing Stats

File Path                     PID    Runtime      # DAGs    # Errors  Last Runtime    Last Run
----------------------------  -----  ---------  --------  ----------  --------------  -------------------
/opt/airflow/dags/src/lab.py                           0           0  0.71s           2025-10-07T02:56:38
/opt/airflow/dags/airflow.py                           1           0  0.82s           2025-10-07T02:57:07
================================================================================
[2025-10-07T02:57:38.949+0000] {manager.py:854} INFO - 
================================================================================
DAG File Processing Stats

File Path                     PID    Runtime      # DAGs    # Errors  Last Runtime    Last Run
----------------------------  -----  ---------  --------  ----------  --------------  -------------------
/opt/airflow/dags/src/lab.py                           0           0  0.71s           2025-10-07T02:57:09
/opt/airflow/dags/airflow.py                           1           0  0.91s           2025-10-07T02:57:38
================================================================================
[2025-10-07T02:58:09.971+0000] {manager.py:854} INFO - 
================================================================================
DAG File Processing Stats

File Path                     PID    Runtime      # DAGs    # Errors  Last Runtime    Last Run
----------------------------  -----  ---------  --------  ----------  --------------  -------------------
/opt/airflow/dags/src/lab.py                           0           0  0.71s           2025-10-07T02:57:40
/opt/airflow/dags/airflow.py                           1           0  0.91s           2025-10-07T02:58:09
================================================================================
[2025-10-07T02:58:40.692+0000] {manager.py:854} INFO - 
================================================================================
DAG File Processing Stats

File Path                     PID    Runtime      # DAGs    # Errors  Last Runtime    Last Run
----------------------------  -----  ---------  --------  ----------  --------------  -------------------
/opt/airflow/dags/src/lab.py                           0           0  0.61s           2025-10-07T02:58:11
/opt/airflow/dags/airflow.py                           1           0  0.70s           2025-10-07T02:58:40
================================================================================
[2025-10-07T02:59:11.769+0000] {manager.py:854} INFO - 
================================================================================
DAG File Processing Stats

File Path                     PID    Runtime      # DAGs    # Errors  Last Runtime    Last Run
----------------------------  -----  ---------  --------  ----------  --------------  -------------------
/opt/airflow/dags/src/lab.py                           0           0  0.71s           2025-10-07T02:58:42
/opt/airflow/dags/airflow.py                           1           0  0.91s           2025-10-07T02:59:11
================================================================================
[2025-10-07T02:59:42.727+0000] {manager.py:854} INFO - 
================================================================================
DAG File Processing Stats

File Path                     PID    Runtime      # DAGs    # Errors  Last Runtime    Last Run
----------------------------  -----  ---------  --------  ----------  --------------  -------------------
/opt/airflow/dags/src/lab.py                           0           0  0.72s           2025-10-07T02:59:13
/opt/airflow/dags/airflow.py                           1           0  0.81s           2025-10-07T02:59:42
================================================================================
[2025-10-07T03:00:13.677+0000] {manager.py:854} INFO - 
================================================================================
DAG File Processing Stats

File Path                     PID    Runtime      # DAGs    # Errors  Last Runtime    Last Run
----------------------------  -----  ---------  --------  ----------  --------------  -------------------
/opt/airflow/dags/src/lab.py                           0           0  0.61s           2025-10-07T02:59:44
/opt/airflow/dags/airflow.py                           1           0  0.91s           2025-10-07T03:00:13
================================================================================
[2025-10-07T03:00:45.377+0000] {manager.py:854} INFO - 
================================================================================
DAG File Processing Stats

File Path                     PID    Runtime      # DAGs    # Errors  Last Runtime    Last Run
----------------------------  -----  ---------  --------  ----------  --------------  -------------------
/opt/airflow/dags/src/lab.py                           0           0  0.71s           2025-10-07T03:00:15
/opt/airflow/dags/airflow.py                           1           0  0.71s           2025-10-07T03:00:45
================================================================================
[2025-10-07T03:01:03.309+0000] {manager.py:726} INFO - Searching for files in /opt/airflow/dags
[2025-10-07T03:01:03.586+0000] {manager.py:729} INFO - There are 2 files in /opt/airflow/dags
[2025-10-07T03:01:16.399+0000] {manager.py:854} INFO - 
================================================================================
DAG File Processing Stats

File Path                     PID    Runtime      # DAGs    # Errors  Last Runtime    Last Run
----------------------------  -----  ---------  --------  ----------  --------------  -------------------
/opt/airflow/dags/src/lab.py                           0           0  0.71s           2025-10-07T03:00:46
/opt/airflow/dags/airflow.py                           1           0  0.91s           2025-10-07T03:01:16
================================================================================
[2025-10-07T03:01:47.416+0000] {manager.py:854} INFO - 
================================================================================
DAG File Processing Stats

File Path                     PID    Runtime      # DAGs    # Errors  Last Runtime    Last Run
----------------------------  -----  ---------  --------  ----------  --------------  -------------------
/opt/airflow/dags/src/lab.py                           0           0  0.71s           2025-10-07T03:01:17
/opt/airflow/dags/airflow.py                           1           0  0.91s           2025-10-07T03:01:47
================================================================================
[2025-10-07T03:02:18.438+0000] {manager.py:854} INFO - 
================================================================================
DAG File Processing Stats

File Path                     PID    Runtime      # DAGs    # Errors  Last Runtime    Last Run
----------------------------  -----  ---------  --------  ----------  --------------  -------------------
/opt/airflow/dags/src/lab.py                           0           0  0.71s           2025-10-07T03:01:48
/opt/airflow/dags/airflow.py                           1           0  0.91s           2025-10-07T03:02:18
================================================================================
[2025-10-07T03:02:49.379+0000] {manager.py:854} INFO - 
================================================================================
DAG File Processing Stats

File Path                     PID    Runtime      # DAGs    # Errors  Last Runtime    Last Run
----------------------------  -----  ---------  --------  ----------  --------------  -------------------
/opt/airflow/dags/src/lab.py                           0           0  0.71s           2025-10-07T03:02:19
/opt/airflow/dags/airflow.py                           1           0  0.81s           2025-10-07T03:02:49
================================================================================
[2025-10-07T03:05:24.624+0000] {manager.py:465} INFO - Exiting gracefully upon receiving signal 15
[2025-10-07T03:05:24.808+0000] {manager.py:483} INFO - Processing files using up to 1 processes at a time 
[2025-10-07T03:05:24.810+0000] {manager.py:484} INFO - Process each file at most once every 30 seconds
[2025-10-07T03:05:24.811+0000] {manager.py:486} INFO - Checking for new files in /opt/airflow/dags every 300 seconds
[2025-10-07T03:05:24.812+0000] {manager.py:726} INFO - Searching for files in /opt/airflow/dags
[2025-10-07T03:05:25.013+0000] {manager.py:729} INFO - There are 2 files in /opt/airflow/dags
[2025-10-07T03:05:25.857+0000] {manager.py:854} INFO - 
================================================================================
DAG File Processing Stats

File Path                     PID    Runtime      # DAGs    # Errors  Last Runtime    Last Run
----------------------------  -----  ---------  --------  ----------  --------------  -------------------
/opt/airflow/dags/src/lab.py                           0           0
/opt/airflow/dags/airflow.py                           1           0  0.81s           2025-10-07T03:05:25
================================================================================
[2025-10-07T03:05:56.970+0000] {manager.py:854} INFO - 
================================================================================
DAG File Processing Stats

File Path                     PID    Runtime      # DAGs    # Errors  Last Runtime    Last Run
----------------------------  -----  ---------  --------  ----------  --------------  -------------------
/opt/airflow/dags/src/lab.py                           0           0  0.61s           2025-10-07T03:05:29
/opt/airflow/dags/airflow.py                           1           0  0.82s           2025-10-07T03:05:56
================================================================================
[2025-10-07T03:06:27.946+0000] {manager.py:854} INFO - 
================================================================================
DAG File Processing Stats

File Path                     PID    Runtime      # DAGs    # Errors  Last Runtime    Last Run
----------------------------  -----  ---------  --------  ----------  --------------  -------------------
/opt/airflow/dags/src/lab.py                           0           0  0.71s           2025-10-07T03:06:00
/opt/airflow/dags/airflow.py                           1           0  0.81s           2025-10-07T03:06:27
================================================================================
[2025-10-07T03:06:58.788+0000] {manager.py:854} INFO - 
================================================================================
DAG File Processing Stats

File Path                     PID    Runtime      # DAGs    # Errors  Last Runtime    Last Run
----------------------------  -----  ---------  --------  ----------  --------------  -------------------
/opt/airflow/dags/src/lab.py                           0           0  0.71s           2025-10-07T03:06:31
/opt/airflow/dags/airflow.py                           1           0  0.71s           2025-10-07T03:06:58
================================================================================
[2025-10-07T03:07:29.782+0000] {manager.py:854} INFO - 
================================================================================
DAG File Processing Stats

File Path                     PID    Runtime      # DAGs    # Errors  Last Runtime    Last Run
----------------------------  -----  ---------  --------  ----------  --------------  -------------------
/opt/airflow/dags/src/lab.py                           0           0  0.71s           2025-10-07T03:07:02
/opt/airflow/dags/airflow.py                           1           0  0.81s           2025-10-07T03:07:29
================================================================================
[2025-10-07T03:08:00.561+0000] {manager.py:854} INFO - 
================================================================================
DAG File Processing Stats

File Path                     PID    Runtime      # DAGs    # Errors  Last Runtime    Last Run
----------------------------  -----  ---------  --------  ----------  --------------  -------------------
/opt/airflow/dags/src/lab.py                           0           0  0.61s           2025-10-07T03:07:33
/opt/airflow/dags/airflow.py                           1           0  0.71s           2025-10-07T03:08:00
================================================================================
[2025-10-07T03:08:31.550+0000] {manager.py:854} INFO - 
================================================================================
DAG File Processing Stats

File Path                     PID    Runtime      # DAGs    # Errors  Last Runtime    Last Run
----------------------------  -----  ---------  --------  ----------  --------------  -------------------
/opt/airflow/dags/src/lab.py                           0           0  0.61s           2025-10-07T03:08:04
/opt/airflow/dags/airflow.py                           1           0  0.91s           2025-10-07T03:08:31
================================================================================
[2025-10-07T03:09:02.208+0000] {manager.py:854} INFO - 
================================================================================
DAG File Processing Stats

File Path                     PID    Runtime      # DAGs    # Errors  Last Runtime    Last Run
----------------------------  -----  ---------  --------  ----------  --------------  -------------------
/opt/airflow/dags/src/lab.py                           0           0  0.61s           2025-10-07T03:08:35
/opt/airflow/dags/airflow.py                           1           0  0.61s           2025-10-07T03:09:02
================================================================================
[2025-10-07T03:09:32.978+0000] {manager.py:854} INFO - 
================================================================================
DAG File Processing Stats

File Path                     PID    Runtime      # DAGs    # Errors  Last Runtime    Last Run
----------------------------  -----  ---------  --------  ----------  --------------  -------------------
/opt/airflow/dags/src/lab.py                           0           0  0.61s           2025-10-07T03:09:05
/opt/airflow/dags/airflow.py                           1           0  0.71s           2025-10-07T03:09:32
================================================================================
[2025-10-07T03:10:04.813+0000] {manager.py:854} INFO - 
================================================================================
DAG File Processing Stats

File Path                     PID    Runtime      # DAGs    # Errors  Last Runtime    Last Run
----------------------------  -----  ---------  --------  ----------  --------------  -------------------
/opt/airflow/dags/src/lab.py                           0           0  0.59s           2025-10-07T03:09:36
/opt/airflow/dags/airflow.py                           1           0  0.81s           2025-10-07T03:10:04
================================================================================
[2025-10-07T03:10:25.376+0000] {manager.py:726} INFO - Searching for files in /opt/airflow/dags
[2025-10-07T03:10:25.673+0000] {manager.py:729} INFO - There are 2 files in /opt/airflow/dags
[2025-10-07T03:10:36.475+0000] {manager.py:854} INFO - 
================================================================================
DAG File Processing Stats

File Path                     PID    Runtime      # DAGs    # Errors  Last Runtime    Last Run
----------------------------  -----  ---------  --------  ----------  --------------  -------------------
/opt/airflow/dags/src/lab.py                           0           0  0.61s           2025-10-07T03:10:07
/opt/airflow/dags/airflow.py                           1           0  0.71s           2025-10-07T03:10:36
================================================================================
[2025-10-07T03:11:07.345+0000] {manager.py:854} INFO - 
================================================================================
DAG File Processing Stats

File Path                     PID    Runtime      # DAGs    # Errors  Last Runtime    Last Run
----------------------------  -----  ---------  --------  ----------  --------------  -------------------
/opt/airflow/dags/src/lab.py                           0           0  0.61s           2025-10-07T03:10:38
/opt/airflow/dags/airflow.py                           1           0  0.79s           2025-10-07T03:11:07
================================================================================
[2025-10-07T03:11:37.340+0000] {manager.py:854} INFO - 
================================================================================
DAG File Processing Stats

File Path                     PID    Runtime      # DAGs    # Errors  Last Runtime    Last Run
----------------------------  -----  ---------  --------  ----------  --------------  -------------------
/opt/airflow/dags/src/lab.py                           0           0  0.71s           2025-10-07T03:11:08
/opt/airflow/dags/airflow.py                           1           0  0.79s           2025-10-07T03:11:07
================================================================================
[2025-10-07T03:12:08.312+0000] {manager.py:854} INFO - 
================================================================================
DAG File Processing Stats

File Path                     PID    Runtime      # DAGs    # Errors  Last Runtime    Last Run
----------------------------  -----  ---------  --------  ----------  --------------  -------------------
/opt/airflow/dags/src/lab.py                           0           0  0.71s           2025-10-07T03:11:39
/opt/airflow/dags/airflow.py                           1           0  0.81s           2025-10-07T03:11:39
================================================================================
[2025-10-07T03:12:38.517+0000] {manager.py:854} INFO - 
================================================================================
DAG File Processing Stats

File Path                     PID    Runtime      # DAGs    # Errors  Last Runtime    Last Run
----------------------------  -----  ---------  --------  ----------  --------------  -------------------
/opt/airflow/dags/src/lab.py                           0           0  0.71s           2025-10-07T03:12:11
/opt/airflow/dags/airflow.py                           1           0  0.91s           2025-10-07T03:12:10
================================================================================
[2025-10-07T03:12:58.443+0000] {manager.py:465} INFO - Exiting gracefully upon receiving signal 15
